H.sapiens_WEE1_wee1like_protein_kinase_isoform_1	100.000	646	0	0	0.0	1332	H.sapiens_WEE1_wee1like_protein_kinase_isoform_1
F.catus_WEE1_wee1like_protein_kinase_isoform_X1	96.332	627	23	0	0.0	1248	F.catus_WEE1_wee1like_protein_kinase_isoform_X1
E.caballus_WEE1_wee1like_protein_kinase	95.356	646	30	0	0.0	1192	E.caballus_WEE1_wee1like_protein_kinase
S.townsendi_WEE1_wee1like_protein_kinase	77.551	637	108	12	0.0	911	S.townsendi_WEE1_wee1like_protein_kinase
C.mydas_WEE1_wee1like_protein_kinase_isoform_X1	77.217	654	121	9	0.0	897	C.mydas_WEE1_wee1like_protein_kinase_isoform_X1
G.gallus_WEE1_wee1like_protein_kinase_isoform_X1	78.109	603	104	7	0.0	893	G.gallus_WEE1_wee1like_protein_kinase_isoform_X1
X.laevis_wee1.S_wee1like_protein_kinase_1B_isoform_X1	72.293	628	120	11	0.0	834	X.laevis_wee1.S_wee1like_protein_kinase_1B_isoform_X1
S.salar_LOC106584610_wee1like_protein_kinase_1A	63.608	632	195	8	0.0	761	S.salar_LOC106584610_wee1like_protein_kinase_1A
G.aculeatus_wee1_wee1like_protein_kinase	63.969	655	191	11	0.0	759	G.aculeatus_wee1_wee1like_protein_kinase
G.aculeatus_LOC120812640_wee1like_protein_kinase	63.511	655	194	11	0.0	750	G.aculeatus_LOC120812640_wee1like_protein_kinase
C.carcharias_wee1_wee1like_protein_kinase_isoform_X1	65.811	623	162	14	0.0	748	C.carcharias_wee1_wee1like_protein_kinase_isoform_X1
D.rerio_wee1_wee1like_protein_kinase	65.506	632	176	13	0.0	743	D.rerio_wee1_wee1like_protein_kinase
D.rerio_wee1_wee1like_protein_kinase	65.506	632	176	13	0.0	743	D.rerio_wee1_wee1like_protein_kinase
D.rerio_wee1_wee1like_protein_kinase	65.506	632	176	13	0.0	743	D.rerio_wee1_wee1like_protein_kinase
S.salar_LOC100380819_wee1like_protein_kinase_isoform_X1	60.095	634	207	12	0.0	728	S.salar_LOC100380819_wee1like_protein_kinase_isoform_X1
S.salar_LOC106587548_wee1like_protein_kinase_1A_isoform_X1	58.193	653	225	12	0.0	699	S.salar_LOC106587548_wee1like_protein_kinase_1A_isoform_X1
S.salar_LOC106561062_wee1like_protein_kinase_1A	58.926	633	211	10	0.0	675	S.salar_LOC106561062_wee1like_protein_kinase_1A
C.carcharias_LOC121293265_wee1like_protein_kinase_2A	51.679	536	222	12	3.48e-167	493	C.carcharias_LOC121293265_wee1like_protein_kinase_2A
C.mydas_WEE2_wee1like_protein_kinase_2_isoform_X3	56.352	488	192	9	8.57e-165	487	C.mydas_WEE2_wee1like_protein_kinase_2_isoform_X3
X.laevis_wee2.L_wee1like_protein_kinase_2A	55.136	477	202	7	1.67e-160	475	X.laevis_wee2.L_wee1like_protein_kinase_2A
X.laevis_wee2.S_wee1like_protein_kinase_2B	55.208	480	193	8	1.72e-158	469	X.laevis_wee2.S_wee1like_protein_kinase_2B
G.gallus_WEE2_wee1like_protein_kinase_2	49.825	572	227	11	5.65e-158	468	G.gallus_WEE2_wee1like_protein_kinase_2
S.townsendi_WEE2_wee1like_protein_kinase_2	54.339	484	203	8	2.21e-156	465	S.townsendi_WEE2_wee1like_protein_kinase_2
D.rerio_wee2_wee1like_protein_kinase_2_isoform_2	52.905	482	205	8	4.06e-155	460	D.rerio_wee2_wee1like_protein_kinase_2_isoform_2
D.rerio_wee2_wee1like_protein_kinase_2_isoform_2	52.905	482	205	8	1.57e-154	459	D.rerio_wee2_wee1like_protein_kinase_2_isoform_2
E.caballus_WEE2_wee1like_protein_kinase_2	53.388	487	198	11	3.05e-154	459	E.caballus_WEE2_wee1like_protein_kinase_2
F.catus_WEE2_wee1like_protein_kinase_2_isoform_X1	54.701	468	187	11	4.65e-153	456	F.catus_WEE2_wee1like_protein_kinase_2_isoform_X1
H.sapiens_WEE2_wee1like_protein_kinase_2	50.826	484	215	8	1.26e-148	445	H.sapiens_WEE2_wee1like_protein_kinase_2
H.sapiens_WEE2_wee1like_protein_kinase_2	50.826	484	215	8	1.26e-148	445	H.sapiens_WEE2_wee1like_protein_kinase_2
S.salar_wee2_wee1like_protein_kinase_2	50.905	497	204	12	1.77e-146	439	S.salar_wee2_wee1like_protein_kinase_2
G.aculeatus_wee2_wee1like_protein_kinase_2_isoform_X2	48.855	524	213	11	1.70e-142	429	G.aculeatus_wee2_wee1like_protein_kinase_2_isoform_X2
C.mydas_PKMYT1_membraneassociated_tyrosine_and_threoninespecific_	31.900	279	160	5	7.53e-40	157	C.mydas_PKMYT1_membraneassociated_tyrosine_and_threoninespecific_
H.sapiens_PKMYT1_membraneassociated_tyrosine_and_threoninespecifi	33.898	295	146	7	2.71e-39	154	H.sapiens_PKMYT1_membraneassociated_tyrosine_and_threoninespecifi
E.caballus_PKMYT1_membraneassociated_tyrosine_and_threoninespecif	32.877	292	147	7	8.46e-38	150	E.caballus_PKMYT1_membraneassociated_tyrosine_and_threoninespecif
F.catus_PKMYT1_membraneassociated_tyrosine_and_threoninespecific_	31.034	319	177	8	1.06e-37	150	F.catus_PKMYT1_membraneassociated_tyrosine_and_threoninespecific_
X.laevis_pkmyt1.S_membraneassociated_tyrosine_and_threoninespecif	30.333	300	178	7	4.26e-37	149	X.laevis_pkmyt1.S_membraneassociated_tyrosine_and_threoninespecif
S.townsendi_PKMYT1_membraneassociated_tyrosine_and_threoninespeci	32.653	294	163	8	7.68e-36	145	S.townsendi_PKMYT1_membraneassociated_tyrosine_and_threoninespeci
X.laevis_pkmyt1.L_membraneassociated_tyrosine_and_threoninespecif	29.373	303	184	6	9.11e-36	146	X.laevis_pkmyt1.L_membraneassociated_tyrosine_and_threoninespecif
G.aculeatus_pkmyt1_membraneassociated_tyrosine_and_threoninespeci	29.338	317	184	6	1.72e-32	135	G.aculeatus_pkmyt1_membraneassociated_tyrosine_and_threoninespeci
D.rerio_pkmyt1_membraneassociated_tyrosine_and_threoninespecific_	29.252	294	165	5	4.20e-32	134	D.rerio_pkmyt1_membraneassociated_tyrosine_and_threoninespecific_
C.carcharias_pkmyt1_membraneassociated_tyrosine_and_threoninespec	28.197	305	189	5	4.23e-31	131	C.carcharias_pkmyt1_membraneassociated_tyrosine_and_threoninespec
S.salar_pkmyt1_membraneassociated_tyrosine_and_threoninespecific_	29.371	286	169	5	8.41e-31	130	S.salar_pkmyt1_membraneassociated_tyrosine_and_threoninespecific_
G.gallus_EIF2AK2_interferoninduced_doublestranded_RNAactivated_pr	30.464	302	149	12	1.47e-24	111	G.gallus_EIF2AK2_interferoninduced_doublestranded_RNAactivated_pr
C.mydas_EIF2AK2_interferoninduced_doublestranded_RNAactivated_pro	29.900	301	143	12	3.61e-24	110	C.mydas_EIF2AK2_interferoninduced_doublestranded_RNAactivated_pro
C.carcharias_LOC121279119_interferoninduced_doublestranded_RNAact	29.091	330	167	18	5.17e-24	109	C.carcharias_LOC121279119_interferoninduced_doublestranded_RNAact
X.laevis_eif2ak2.L_eukaryotic_translation_initiation_factor_2_alp	28.710	310	151	12	2.52e-23	107	X.laevis_eif2ak2.L_eukaryotic_translation_initiation_factor_2_alp
X.laevis_pkr2.L_interferoninduced_doublestranded_RNAactivated_pro	29.252	294	147	8	2.70e-23	107	X.laevis_pkr2.L_interferoninduced_doublestranded_RNAactivated_pro
E.caballus_EIF2AK2_interferoninduced_doublestranded_RNAactivated_	28.667	300	163	10	5.57e-23	106	E.caballus_EIF2AK2_interferoninduced_doublestranded_RNAactivated_
E.caballus_STK26_serinethreonineprotein_kinase_26	27.336	289	170	9	2.83e-21	102	E.caballus_STK26_serinethreonineprotein_kinase_26
F.catus_EIF2AK2_interferoninduced_doublestranded_RNAactivated_pro	28.614	332	175	12	3.73e-21	100	F.catus_EIF2AK2_interferoninduced_doublestranded_RNAactivated_pro
F.catus_STK3_serinethreonineprotein_kinase_3_isoform_X1	26.144	306	169	11	5.97e-21	100	F.catus_STK3_serinethreonineprotein_kinase_3_isoform_X1
C.carcharias_LOC121287464_serinethreonineprotein_kinase_34_isofor	26.897	290	161	9	7.49e-21	99.4	C.carcharias_LOC121287464_serinethreonineprotein_kinase_34_isofor
F.catus_STK26_serinethreonineprotein_kinase_26	28.522	291	164	11	9.09e-21	98.6	F.catus_STK26_serinethreonineprotein_kinase_26
H.sapiens_STK26_serinethreonineprotein_kinase_26_isoform_1	28.522	291	164	11	9.34e-21	98.6	H.sapiens_STK26_serinethreonineprotein_kinase_26_isoform_1
E.caballus_STK3_serinethreonineprotein_kinase_3	25.705	319	179	12	1.20e-20	99.4	E.caballus_STK3_serinethreonineprotein_kinase_3
C.carcharias_stk3_serinethreonineprotein_kinase_3_isoform_X1	28.188	298	163	13	1.66e-20	98.6	C.carcharias_stk3_serinethreonineprotein_kinase_3_isoform_X1
X.laevis_LOC108698255_serinethreonineprotein_kinase_Nek6	27.333	300	166	11	1.86e-20	98.2	X.laevis_LOC108698255_serinethreonineprotein_kinase_Nek6
C.carcharias_stk26_serinethreonineprotein_kinase_26	28.522	291	164	11	2.19e-20	97.4	C.carcharias_stk26_serinethreonineprotein_kinase_26
C.mydas_STK4_serinethreonineprotein_kinase_4_isoform_X2	27.723	303	166	11	2.32e-20	97.8	C.mydas_STK4_serinethreonineprotein_kinase_4_isoform_X2
G.gallus_STK3_serinethreonineprotein_kinase_3_isoform_X1	27.682	289	160	12	2.49e-20	98.2	G.gallus_STK3_serinethreonineprotein_kinase_3_isoform_X1
X.laevis_stk3.S_serinethreonineprotein_kinase_3	27.586	290	159	12	2.51e-20	97.8	X.laevis_stk3.S_serinethreonineprotein_kinase_3
S.townsendi_LOC125442761_serinethreonineprotein_kinase_Nek5like_i	27.143	280	165	10	2.81e-20	97.1	S.townsendi_LOC125442761_serinethreonineprotein_kinase_Nek5like_i
C.mydas_LOC102931067_serinethreonineprotein_kinase_Nek5	26.354	277	169	9	2.82e-20	97.8	C.mydas_LOC102931067_serinethreonineprotein_kinase_Nek5
X.laevis_stk4.L_serinethreonine_kinase_4_L_homeolog_isoform_X1	28.041	296	158	12	2.91e-20	97.8	X.laevis_stk4.L_serinethreonine_kinase_4_L_homeolog_isoform_X1
G.gallus_STK4_serinethreonineprotein_kinase_4	28.146	302	166	13	2.93e-20	97.8	G.gallus_STK4_serinethreonineprotein_kinase_4
X.laevis_LOC108719348_serinethreonineprotein_kinase_3like_isoform	27.586	290	159	12	3.22e-20	97.4	X.laevis_LOC108719348_serinethreonineprotein_kinase_3like_isoform
S.salar_eif2ak2_interferoninduced_doublestranded_RNAactivated_pro	29.870	308	150	11	3.79e-20	98.2	S.salar_eif2ak2_interferoninduced_doublestranded_RNAactivated_pro
H.sapiens_STK4_serinethreonineprotein_kinase_4_isoform_1	27.586	290	159	10	4.25e-20	97.1	H.sapiens_STK4_serinethreonineprotein_kinase_4_isoform_1
S.salar_LOC106563749_serinethreonineprotein_kinase_26	26.897	290	170	10	4.41e-20	96.3	S.salar_LOC106563749_serinethreonineprotein_kinase_26
X.laevis_stk4.S_serinethreonineprotein_kinase_4	28.213	319	169	14	4.76e-20	97.1	X.laevis_stk4.S_serinethreonineprotein_kinase_4
C.mydas_STK26_serinethreonineprotein_kinase_26	28.522	291	164	11	4.97e-20	96.3	C.mydas_STK26_serinethreonineprotein_kinase_26
S.townsendi_STK26_serinethreonineprotein_kinase_26	28.522	291	164	11	5.06e-20	96.3	S.townsendi_STK26_serinethreonineprotein_kinase_26
D.rerio_stk26_serinethreonineprotein_kinase_26	27.491	291	167	13	5.90e-20	95.9	D.rerio_stk26_serinethreonineprotein_kinase_26
S.salar_nek1_serinethreonineprotein_kinase_Nek1_isoform_X1	26.154	325	201	9	6.31e-20	98.2	S.salar_nek1_serinethreonineprotein_kinase_Nek1_isoform_X1
C.mydas_STK3_LOW_QUALITY_PROTEIN_serinethreonineprotein_kinase_3	27.304	293	156	11	6.97e-20	96.7	C.mydas_STK3_LOW_QUALITY_PROTEIN_serinethreonineprotein_kinase_3
S.townsendi_STK3_serinethreonineprotein_kinase_3	27.682	289	160	12	7.78e-20	96.3	S.townsendi_STK3_serinethreonineprotein_kinase_3
H.sapiens_STK3_serinethreonineprotein_kinase_3_isoform_X6	25.796	314	182	10	8.32e-20	96.7	H.sapiens_STK3_serinethreonineprotein_kinase_3_isoform_X6
G.gallus_STK26_serinethreonineprotein_kinase_26	28.179	291	165	11	9.93e-20	95.1	G.gallus_STK26_serinethreonineprotein_kinase_26
D.rerio_LOC107980443_uncharacterized_protein_LOC107980443	27.635	351	195	17	1.10e-19	96.3	D.rerio_LOC107980443_uncharacterized_protein_LOC107980443
F.catus_STK4_serinethreonineprotein_kinase_4_isoform_X1	27.241	290	160	10	1.62e-19	95.5	F.catus_STK4_serinethreonineprotein_kinase_4_isoform_X1
X.laevis_stk26.S_serinethreonineprotein_kinase_26	27.835	291	166	11	1.91e-19	94.4	X.laevis_stk26.S_serinethreonineprotein_kinase_26
S.salar_stk3_serinethreonineprotein_kinase_3_isoform_X2	26.552	290	162	10	2.23e-19	95.1	S.salar_stk3_serinethreonineprotein_kinase_3_isoform_X2
S.salar_LOC106590679_LOW_QUALITY_PROTEIN_serinethreonineprotein_k	26.552	290	162	10	2.27e-19	95.1	S.salar_LOC106590679_LOW_QUALITY_PROTEIN_serinethreonineprotein_k
X.laevis_LOC108698480_serinethreonineprotein_kinase_26_isoform_X1	27.835	291	166	11	2.31e-19	94.0	X.laevis_LOC108698480_serinethreonineprotein_kinase_26_isoform_X1
D.rerio_stk3_serinethreonineprotein_kinase_3	26.897	290	161	10	2.90e-19	94.7	D.rerio_stk3_serinethreonineprotein_kinase_3
D.rerio_stk3_serinethreonineprotein_kinase_3	26.897	290	161	10	2.90e-19	94.7	D.rerio_stk3_serinethreonineprotein_kinase_3
S.salar_LOC106602941_serinethreonineprotein_kinase_26_isoform_X1	27.148	291	168	11	3.27e-19	93.6	S.salar_LOC106602941_serinethreonineprotein_kinase_26_isoform_X1
X.laevis_dapk2.L_deathassociated_protein_kinase_2_L_homeolog_isof	27.035	344	209	14	3.61e-19	93.6	X.laevis_dapk2.L_deathassociated_protein_kinase_2_L_homeolog_isof
G.gallus_NEK4_serinethreonineprotein_kinase_Nek4_isoform_X4	25.733	307	188	10	4.34e-19	95.1	G.gallus_NEK4_serinethreonineprotein_kinase_Nek4_isoform_X4
D.rerio_eif2ak2_interferoninduced_doublestranded_RNAactivated_pro	28.829	333	160	14	4.41e-19	94.7	D.rerio_eif2ak2_interferoninduced_doublestranded_RNAactivated_pro
F.catus_NEK5_serinethreonineprotein_kinase_Nek5_isoform_X1	25.455	330	206	10	4.58e-19	95.1	F.catus_NEK5_serinethreonineprotein_kinase_Nek5_isoform_X1
F.catus_NEK4_serinethreonineprotein_kinase_Nek4_isoform_X6	26.333	300	181	9	4.79e-19	95.1	F.catus_NEK4_serinethreonineprotein_kinase_Nek4_isoform_X6
F.catus_PLK5_inactive_serinethreonineprotein_kinase_PLK5	28.413	271	158	9	4.88e-19	94.4	F.catus_PLK5_inactive_serinethreonineprotein_kinase_PLK5
D.rerio_stk24a_serinethreonineprotein_kinase_24a	25.402	311	192	9	5.11e-19	93.2	D.rerio_stk24a_serinethreonineprotein_kinase_24a
G.gallus_STK24_serinethreonineprotein_kinase_24_isoform_1	27.148	291	168	11	6.12e-19	93.2	G.gallus_STK24_serinethreonineprotein_kinase_24_isoform_1
G.aculeatus_stk3_serinethreonineprotein_kinase_3	26.761	284	157	10	1.38e-18	92.4	G.aculeatus_stk3_serinethreonineprotein_kinase_3
C.mydas_NEK7_serinethreonineprotein_kinase_Nek7_isoform_X1	25.912	274	157	8	1.39e-18	90.1	C.mydas_NEK7_serinethreonineprotein_kinase_Nek7_isoform_X1
S.townsendi_STK4_serinethreonineprotein_kinase_4	28.028	289	159	12	1.63e-18	92.0	S.townsendi_STK4_serinethreonineprotein_kinase_4
G.aculeatus_nek1_serinethreonineprotein_kinase_Nek1	25.321	312	194	9	1.78e-18	93.6	G.aculeatus_nek1_serinethreonineprotein_kinase_Nek1
S.townsendi_STK24_serinethreonineprotein_kinase_24	26.667	300	176	11	2.19e-18	91.3	S.townsendi_STK24_serinethreonineprotein_kinase_24
S.salar_LOC106577845_dual_specificity_testisspecific_protein_kina	28.159	277	156	10	3.09e-18	92.4	S.salar_LOC106577845_dual_specificity_testisspecific_protein_kina
S.salar_stk4_Serinethreonineprotein_kinase_4	27.682	289	160	12	3.29e-18	91.3	S.salar_stk4_Serinethreonineprotein_kinase_4
E.caballus_NEK4_serinethreonineprotein_kinase_Nek4_isoform_X1	26.277	274	169	8	3.34e-18	92.4	E.caballus_NEK4_serinethreonineprotein_kinase_Nek4_isoform_X1
D.rerio_nek1_serinethreonineprotein_kinase_Nek1_isoform_X1	26.562	320	195	10	3.43e-18	92.8	D.rerio_nek1_serinethreonineprotein_kinase_Nek1_isoform_X1
G.gallus_NEK7_serinethreonineprotein_kinase_Nek7_isoform_X2	25.547	274	158	8	4.11e-18	88.6	G.gallus_NEK7_serinethreonineprotein_kinase_Nek7_isoform_X2
F.catus_STK24_serinethreonineprotein_kinase_24_isoform_X2	26.667	300	176	11	4.56e-18	90.5	F.catus_STK24_serinethreonineprotein_kinase_24_isoform_X2
C.carcharias_nek7_serinethreonineprotein_kinase_Nek7_isoform_X1	25.735	272	168	8	4.99e-18	89.0	C.carcharias_nek7_serinethreonineprotein_kinase_Nek7_isoform_X1
C.carcharias_LOC121284089_serinethreonineprotein_kinase_24	26.460	291	170	11	5.02e-18	90.1	C.carcharias_LOC121284089_serinethreonineprotein_kinase_24
E.caballus_STK4_serinethreonineprotein_kinase_4	26.897	290	161	10	5.18e-18	90.5	E.caballus_STK4_serinethreonineprotein_kinase_4
E.caballus_NEK5_serinethreonineprotein_kinase_Nek5_isoform_X1	25.240	313	188	12	5.24e-18	91.7	E.caballus_NEK5_serinethreonineprotein_kinase_Nek5_isoform_X1
F.catus_NEK7_serinethreonineprotein_kinase_Nek7_isoform_X2	25.090	279	163	8	5.39e-18	88.2	F.catus_NEK7_serinethreonineprotein_kinase_Nek7_isoform_X2
X.laevis_LOC108700356_deathassociated_protein_kinase_2_isoform_X1	26.807	332	202	13	5.44e-18	89.7	X.laevis_LOC108700356_deathassociated_protein_kinase_2_isoform_X1
H.sapiens_NEK4_serinethreonineprotein_kinase_Nek4_isoform_2	26.000	300	182	9	5.48e-18	91.7	H.sapiens_NEK4_serinethreonineprotein_kinase_Nek4_isoform_2
E.caballus_NEK7_serinethreonineprotein_kinase_Nek7_isoform_X1	25.087	287	169	8	5.81e-18	88.2	E.caballus_NEK7_serinethreonineprotein_kinase_Nek7_isoform_X1
H.sapiens_STK24_serinethreonineprotein_kinase_24_isoform_c_precur	26.578	301	177	11	7.45e-18	89.7	H.sapiens_STK24_serinethreonineprotein_kinase_24_isoform_c_precur
C.mydas_PLK5_inactive_serinethreonineprotein_kinase_PLK5_isoform_	27.338	278	168	9	1.02e-17	90.5	C.mydas_PLK5_inactive_serinethreonineprotein_kinase_PLK5_isoform_
X.laevis_stk24.L_serinethreonine_kinase_24_L_homeolog	26.667	300	176	11	1.06e-17	89.4	X.laevis_stk24.L_serinethreonine_kinase_24_L_homeolog
S.townsendi_NEK7_serinethreonineprotein_kinase_Nek7	25.362	276	160	8	1.11e-17	87.4	S.townsendi_NEK7_serinethreonineprotein_kinase_Nek7
X.laevis_nek4.S_NIMArelated_kinase_4_S_homeolog	23.457	324	208	9	1.19e-17	90.5	X.laevis_nek4.S_NIMArelated_kinase_4_S_homeolog
X.laevis_stk25.S_serinethreonine_kinase_25_S_homeolog	26.804	291	169	11	1.35e-17	88.6	X.laevis_stk25.S_serinethreonine_kinase_25_S_homeolog
F.catus_STK25_LOW_QUALITY_PROTEIN_serinethreonineprotein_kinase_2	27.393	303	174	12	1.40e-17	89.0	F.catus_STK25_LOW_QUALITY_PROTEIN_serinethreonineprotein_kinase_2
H.sapiens_STK25_serinethreonineprotein_kinase_25_isoform_2	27.393	303	174	12	1.43e-17	89.0	H.sapiens_STK25_serinethreonineprotein_kinase_25_isoform_2
S.townsendi_LOC125433095_serinethreonineprotein_kinase_PLK2like	27.407	270	162	9	1.53e-17	89.7	S.townsendi_LOC125433095_serinethreonineprotein_kinase_PLK2like
S.salar_LOC106582457_serinethreonineprotein_kinase_24	25.733	307	170	10	1.59e-17	88.6	S.salar_LOC106582457_serinethreonineprotein_kinase_24
C.mydas_NEK4_serinethreonineprotein_kinase_Nek4_isoform_X2	25.795	283	172	9	1.97e-17	89.7	C.mydas_NEK4_serinethreonineprotein_kinase_Nek4_isoform_X2
S.salar_stk25b_serinethreonineprotein_kinase_25	27.815	302	172	12	1.99e-17	88.6	S.salar_stk25b_serinethreonineprotein_kinase_25
X.laevis_stk24.S_serinethreonineprotein_kinase_24_isoform_X1	26.667	300	176	11	2.11e-17	88.2	X.laevis_stk24.S_serinethreonineprotein_kinase_24_isoform_X1
H.sapiens_NEK7_serinethreonineprotein_kinase_Nek7_isoform_X1	25.704	284	157	10	2.28e-17	86.7	H.sapiens_NEK7_serinethreonineprotein_kinase_Nek7_isoform_X1
G.aculeatus_stk24b_serinethreonineprotein_kinase_24	25.430	291	173	11	2.42e-17	88.2	G.aculeatus_stk24b_serinethreonineprotein_kinase_24
C.mydas_NEK3_serinethreonineprotein_kinase_Nek3_isoform_X1	26.950	282	169	10	2.56e-17	88.6	C.mydas_NEK3_serinethreonineprotein_kinase_Nek3_isoform_X1
E.caballus_STK25_serinethreonineprotein_kinase_25_isoform_X2	27.148	291	168	11	2.68e-17	88.2	E.caballus_STK25_serinethreonineprotein_kinase_25_isoform_X2
G.aculeatus_stk24a_serinethreonineprotein_kinase_24a	25.430	291	173	11	2.94e-17	87.8	G.aculeatus_stk24a_serinethreonineprotein_kinase_24a
S.salar_LOC106575832_serinethreonineprotein_kinase_24like_partial	23.490	298	188	8	3.21e-17	87.8	S.salar_LOC106575832_serinethreonineprotein_kinase_24like_partial
S.townsendi_STK25_serinethreonineprotein_kinase_25	27.393	303	174	12	3.62e-17	87.4	S.townsendi_STK25_serinethreonineprotein_kinase_25
E.caballus_STK24_serinethreonineprotein_kinase_24_isoform_X5	26.333	300	177	11	4.12e-17	87.4	E.caballus_STK24_serinethreonineprotein_kinase_24_isoform_X5
E.caballus_PLK3_serinethreonineprotein_kinase_PLK3	26.154	325	196	10	4.71e-17	88.2	E.caballus_PLK3_serinethreonineprotein_kinase_PLK3
S.salar_LOC106575054_serinethreonineprotein_kinase_24like	23.490	298	188	8	4.95e-17	87.0	S.salar_LOC106575054_serinethreonineprotein_kinase_24like
G.aculeatus_LOC120835076_serinethreonineprotein_kinase_4like	26.263	297	168	10	5.82e-17	87.4	G.aculeatus_LOC120835076_serinethreonineprotein_kinase_4like
S.townsendi_NEK5_serinethreonineprotein_kinase_Nek5_isoform_X1	24.545	330	209	10	6.04e-17	88.2	S.townsendi_NEK5_serinethreonineprotein_kinase_Nek5_isoform_X1
D.rerio_nek7_serinethreonineprotein_kinase_Nek7	25.979	281	167	10	6.34e-17	85.1	D.rerio_nek7_serinethreonineprotein_kinase_Nek7
S.salar_LOC106586261_serinethreonineprotein_kinase_24	25.667	300	179	11	7.59e-17	86.7	S.salar_LOC106586261_serinethreonineprotein_kinase_24
E.caballus_PLK5_inactive_serinethreonineprotein_kinase_PLK5_isofo	28.832	274	155	10	7.99e-17	87.4	E.caballus_PLK5_inactive_serinethreonineprotein_kinase_PLK5_isofo
D.rerio_stk25b_serinethreonineprotein_kinase_25	27.152	302	174	12	8.01e-17	86.7	D.rerio_stk25b_serinethreonineprotein_kinase_25
G.gallus_STK25_serinethreonineprotein_kinase_25	27.148	291	168	11	8.60e-17	86.3	G.gallus_STK25_serinethreonineprotein_kinase_25
C.mydas_NEK9_serinethreonineprotein_kinase_Nek9_isoform_X4	25.850	294	179	9	9.04e-17	87.8	C.mydas_NEK9_serinethreonineprotein_kinase_Nek9_isoform_X4
X.laevis_nek7.S_NIMArelated_kinase_7_S_homeolog	24.913	289	171	8	9.20e-17	84.7	X.laevis_nek7.S_NIMArelated_kinase_7_S_homeolog
G.aculeatus_LOC120820497_interferoninduced_doublestranded_RNAacti	26.205	332	166	12	1.02e-16	87.4	G.aculeatus_LOC120820497_interferoninduced_doublestranded_RNAacti
C.mydas_STK25_serinethreonineprotein_kinase_25_isoform_X1	27.393	303	174	12	1.04e-16	86.3	C.mydas_STK25_serinethreonineprotein_kinase_25_isoform_X1
S.salar_LOC106570597_serinethreonineprotein_kinase_DCLK3like_part	27.566	341	194	17	1.09e-16	87.4	S.salar_LOC106570597_serinethreonineprotein_kinase_DCLK3like_part
S.townsendi_NEK1_serinethreonineprotein_kinase_Nek1_isoform_X1	24.104	307	198	8	1.26e-16	87.8	S.townsendi_NEK1_serinethreonineprotein_kinase_Nek1_isoform_X1
X.laevis_LOC108704815_serinethreonineprotein_kinase_Nek11	26.797	306	178	12	1.69e-16	86.3	X.laevis_LOC108704815_serinethreonineprotein_kinase_Nek11
D.rerio_stk24b_serinethreonineprotein_kinase_24	24.756	307	173	10	1.94e-16	85.5	D.rerio_stk24b_serinethreonineprotein_kinase_24
D.rerio_nek12_NIMArelated_kinase_12_isoform_X1	26.977	215	135	8	2.22e-16	85.5	D.rerio_nek12_NIMArelated_kinase_12_isoform_X1
C.carcharias_stk25b_serinethreonineprotein_kinase_25_isoform_X1	26.117	291	171	10	2.28e-16	85.1	C.carcharias_stk25b_serinethreonineprotein_kinase_25_isoform_X1
G.gallus_NEK5_serinethreonineprotein_kinase_Nek5	26.241	282	165	11	2.70e-16	86.3	G.gallus_NEK5_serinethreonineprotein_kinase_Nek5
X.laevis_nek1.L_serinethreonineprotein_kinase_Nek1_isoform_X3	24.188	277	178	7	3.15e-16	86.3	X.laevis_nek1.L_serinethreonineprotein_kinase_Nek1_isoform_X3
F.catus_PLK3_serinethreonineprotein_kinase_PLK3	25.926	270	166	8	3.16e-16	85.9	F.catus_PLK3_serinethreonineprotein_kinase_PLK3
G.gallus_NEK1_serinethreonineprotein_kinase_Nek1_isoform_X1	23.453	307	200	8	3.18e-16	86.3	G.gallus_NEK1_serinethreonineprotein_kinase_Nek1_isoform_X1
G.aculeatus_LOC120831948_serinethreonineprotein_kinase_Nek6like	25.275	273	170	9	3.30e-16	83.2	G.aculeatus_LOC120831948_serinethreonineprotein_kinase_Nek6like
S.salar_LOC106560377_myosin_light_chain_kinase_family_member_4_is	29.084	251	140	11	3.33e-16	85.9	S.salar_LOC106560377_myosin_light_chain_kinase_family_member_4_is
S.salar_LOC106612157_serinethreonineprotein_kinase_Nek4like	24.399	291	198	8	4.15e-16	84.7	S.salar_LOC106612157_serinethreonineprotein_kinase_Nek4like
F.catus_NEK3_serinethreonineprotein_kinase_Nek3_isoform_X1	26.408	284	172	9	4.32e-16	84.7	F.catus_NEK3_serinethreonineprotein_kinase_Nek3_isoform_X1
X.laevis_nek2.S_NIMArelated_kinase_2_S_homeolog	27.304	293	164	11	4.39e-16	84.3	X.laevis_nek2.S_NIMArelated_kinase_2_S_homeolog
X.laevis_mylk4.S_myosin_light_chain_kinase_3_isoform_X1	24.496	347	208	14	4.47e-16	85.5	X.laevis_mylk4.S_myosin_light_chain_kinase_3_isoform_X1
E.caballus_NEK6_serinethreonineprotein_kinase_Nek6	26.087	276	164	10	4.77e-16	82.8	E.caballus_NEK6_serinethreonineprotein_kinase_Nek6
C.carcharias_nek12_NIMArelated_kinase_12	26.613	248	157	9	5.86e-16	84.3	C.carcharias_nek12_NIMArelated_kinase_12
G.aculeatus_stk25b_serinethreonineprotein_kinase_25	26.804	291	169	11	6.49e-16	83.6	G.aculeatus_stk25b_serinethreonineprotein_kinase_25
E.caballus_NEK3_serinethreonineprotein_kinase_Nek3_isoform_X1	26.259	278	168	9	6.51e-16	84.3	E.caballus_NEK3_serinethreonineprotein_kinase_Nek3_isoform_X1
G.aculeatus_mylk4b_myosin_light_chain_kinase_family_member_4_isof	30.417	240	127	13	7.28e-16	84.7	G.aculeatus_mylk4b_myosin_light_chain_kinase_family_member_4_isof
G.aculeatus_nek12_NIMArelated_kinase_12	26.740	273	177	10	7.37e-16	84.0	G.aculeatus_nek12_NIMArelated_kinase_12
C.carcharias_mylk3_myosin_light_chain_kinase_3_isoform_X4	24.638	345	208	14	8.79e-16	84.7	C.carcharias_mylk3_myosin_light_chain_kinase_3_isoform_X4
X.laevis_nek5.L_serinethreonineprotein_kinase_Nek5_isoform_X2	25.497	302	189	10	8.93e-16	84.7	X.laevis_nek5.L_serinethreonineprotein_kinase_Nek5_isoform_X2
X.laevis_LOC108702176_misshapenlike_kinase_1	26.032	315	176	12	8.96e-16	84.0	X.laevis_LOC108702176_misshapenlike_kinase_1
D.rerio_stk25a_serinethreonine_kinase_25a_isoform_X1	25.828	302	178	11	1.17e-15	82.8	D.rerio_stk25a_serinethreonine_kinase_25a_isoform_X1
S.salar_LOC106584199_myosin_light_chain_kinase_family_member_4lik	27.946	297	164	14	1.34e-15	84.0	S.salar_LOC106584199_myosin_light_chain_kinase_family_member_4lik
G.aculeatus_LOC120816425_myosin_light_chain_kinase_2_skeletalcard	29.344	259	141	13	1.36e-15	84.0	G.aculeatus_LOC120816425_myosin_light_chain_kinase_2_skeletalcard
G.aculeatus_LOC120832804_serinethreonineprotein_kinase_Nek9_isofo	23.410	346	211	11	1.50e-15	84.0	G.aculeatus_LOC120832804_serinethreonineprotein_kinase_Nek9_isofo
S.salar_LOC106608590_mitogenactivated_protein_kinase_kinase_kinas	26.552	290	157	11	1.65e-15	84.0	S.salar_LOC106608590_mitogenactivated_protein_kinase_kinase_kinas
G.aculeatus_pkr1_doublestranded_RNA_activated_protein_kinase_1	25.559	313	154	11	1.68e-15	82.8	G.aculeatus_pkr1_doublestranded_RNA_activated_protein_kinase_1
G.gallus_NEK3_serinethreonineprotein_kinase_Nek3_isoform_X4	25.157	318	193	13	1.72e-15	82.8	G.gallus_NEK3_serinethreonineprotein_kinase_Nek3_isoform_X4
C.carcharias_nek2_serinethreonineprotein_kinase_Nek2_isoform_X1	28.339	307	167	12	1.75e-15	82.4	C.carcharias_nek2_serinethreonineprotein_kinase_Nek2_isoform_X1
C.mydas_NEK5_serinethreonineprotein_kinase_Nek5	25.472	318	189	13	1.81e-15	83.6	C.mydas_NEK5_serinethreonineprotein_kinase_Nek5
G.aculeatus_dclk3_serinethreonineprotein_kinase_DCLK3	29.825	285	154	14	1.83e-15	83.6	G.aculeatus_dclk3_serinethreonineprotein_kinase_DCLK3
G.aculeatus_LOC120820011_mitogenactivated_protein_kinase_kinase_k	23.457	324	190	10	2.20e-15	83.6	G.aculeatus_LOC120820011_mitogenactivated_protein_kinase_kinase_k
C.mydas_LOC102946890_serinethreonineprotein_kinase_10	27.000	300	155	12	2.29e-15	83.6	C.mydas_LOC102946890_serinethreonineprotein_kinase_10
G.gallus_NEK6_serinethreonineprotein_kinase_Nek6_isoform_X1	24.542	273	172	8	2.31e-15	81.3	G.gallus_NEK6_serinethreonineprotein_kinase_Nek6_isoform_X1
H.sapiens_NEK1_serinethreonineprotein_kinase_Nek1_isoform_7	24.324	296	189	8	2.36e-15	83.6	H.sapiens_NEK1_serinethreonineprotein_kinase_Nek1_isoform_7
S.salar_nek7_serinethreonineprotein_kinase_Nek7_isoform_X1	24.126	286	183	8	2.40e-15	80.5	S.salar_nek7_serinethreonineprotein_kinase_Nek7_isoform_X1
G.aculeatus_nek4_serinethreonineprotein_kinase_Nek4_isoform_X1	24.104	307	188	11	2.49e-15	83.2	G.aculeatus_nek4_serinethreonineprotein_kinase_Nek4_isoform_X1
S.salar_LOC106591503_serinethreonineprotein_kinase_Nek9	23.385	325	200	10	2.53e-15	83.2	S.salar_LOC106591503_serinethreonineprotein_kinase_Nek9
C.carcharias_nek3_serinethreonineprotein_kinase_Nek3	26.481	287	164	12	2.60e-15	82.4	C.carcharias_nek3_serinethreonineprotein_kinase_Nek3
C.mydas_NEK6_serinethreonineprotein_kinase_Nek6_isoform_X3	24.542	273	172	8	2.79e-15	80.5	C.mydas_NEK6_serinethreonineprotein_kinase_Nek6_isoform_X3
S.salar_LOC106612954_serinethreonineprotein_kinase_ULK2like_isofo	27.165	254	147	10	2.99e-15	83.2	S.salar_LOC106612954_serinethreonineprotein_kinase_ULK2like_isofo
H.sapiens_NEK3_serinethreonineprotein_kinase_Nek3_isoform_a	25.532	282	173	10	3.02e-15	82.0	H.sapiens_NEK3_serinethreonineprotein_kinase_Nek3_isoform_a
S.salar_LOC106581221_serinethreonineprotein_kinase_ULK2_isoform_X	27.165	254	147	10	3.07e-15	83.2	S.salar_LOC106581221_serinethreonineprotein_kinase_ULK2_isoform_X
C.carcharias_nek11_serinethreonineprotein_kinase_Nek11	24.913	289	181	7	3.34e-15	82.4	C.carcharias_nek11_serinethreonineprotein_kinase_Nek11
X.laevis_LOC108698753_mitogenactivated_protein_kinase_kinase_kina	24.837	306	183	10	3.39e-15	82.8	X.laevis_LOC108698753_mitogenactivated_protein_kinase_kinase_kina
G.aculeatus_LOC120822004_serinethreonineprotein_kinase_PAK_3_isof	23.885	381	223	12	3.46e-15	82.4	G.aculeatus_LOC120822004_serinethreonineprotein_kinase_PAK_3_isof
F.catus_NEK9_serinethreonineprotein_kinase_Nek9	26.351	296	175	10	3.48e-15	82.8	F.catus_NEK9_serinethreonineprotein_kinase_Nek9
H.sapiens_NEK5_serinethreonineprotein_kinase_Nek5_isoform_X5	25.000	284	174	10	3.49e-15	82.8	H.sapiens_NEK5_serinethreonineprotein_kinase_Nek5_isoform_X5
F.catus_NEK6_serinethreonineprotein_kinase_Nek6_isoform_X1	25.455	275	167	9	3.89e-15	80.9	F.catus_NEK6_serinethreonineprotein_kinase_Nek6_isoform_X1
E.caballus_NEK1_serinethreonineprotein_kinase_Nek1_isoform_X1	24.324	296	189	8	4.18e-15	82.8	E.caballus_NEK1_serinethreonineprotein_kinase_Nek1_isoform_X1
C.carcharias_map4k5_mitogenactivated_protein_kinase_kinase_kinase	25.817	306	180	11	4.47e-15	82.4	C.carcharias_map4k5_mitogenactivated_protein_kinase_kinase_kinase
C.carcharias_nek1_serinethreonineprotein_kinase_Nek1_isoform_X1	24.478	335	187	11	4.81e-15	82.4	C.carcharias_nek1_serinethreonineprotein_kinase_Nek1_isoform_X1
S.salar_LOC106608865_dual_specificity_testisspecific_protein_kina	26.978	278	156	11	4.81e-15	81.3	S.salar_LOC106608865_dual_specificity_testisspecific_protein_kina
F.catus_NEK1_serinethreonineprotein_kinase_Nek1_isoform_X3	24.000	300	193	8	5.59e-15	82.4	F.catus_NEK1_serinethreonineprotein_kinase_Nek1_isoform_X3
X.laevis_nek1.S_serinethreonineprotein_kinase_Nek1_isoform_X1	23.920	301	194	8	5.97e-15	82.4	X.laevis_nek1.S_serinethreonineprotein_kinase_Nek1_isoform_X1
S.salar_LOC106577529_mitogenactivated_protein_kinase_kinase_kinas	26.132	287	163	10	6.67e-15	82.0	S.salar_LOC106577529_mitogenactivated_protein_kinase_kinase_kinas
G.gallus_NEK2_serinethreonineprotein_kinase_Nek2	27.055	292	165	10	7.52e-15	80.5	G.gallus_NEK2_serinethreonineprotein_kinase_Nek2
S.salar_LOC106563430_LOW_QUALITY_PROTEIN_serinethreonineprotein_k	24.458	323	195	10	7.65e-15	81.3	S.salar_LOC106563430_LOW_QUALITY_PROTEIN_serinethreonineprotein_k
H.sapiens_NEK6_serinethreonineprotein_kinase_Nek6_isoform_3	25.455	275	167	9	8.42e-15	79.7	H.sapiens_NEK6_serinethreonineprotein_kinase_Nek6_isoform_3
D.rerio_nek4_serinethreonineprotein_kinase_Nek4_isoform_X1	24.232	293	182	10	9.15e-15	81.3	D.rerio_nek4_serinethreonineprotein_kinase_Nek4_isoform_X1
H.sapiens_PLK3_serinethreonineprotein_kinase_PLK3	25.185	270	168	8	9.99e-15	80.9	H.sapiens_PLK3_serinethreonineprotein_kinase_PLK3
D.rerio_mylk4a_myosin_light_chain_kinase_3like_isoform_X3	27.778	234	133	11	1.11e-14	80.9	D.rerio_mylk4a_myosin_light_chain_kinase_3like_isoform_X3
S.salar_nek4_serinethreonineprotein_kinase_Nek4_isoform_X1	23.897	272	172	9	1.22e-14	80.9	S.salar_nek4_serinethreonineprotein_kinase_Nek4_isoform_X1
C.mydas_PAK3_serinethreonineprotein_kinase_PAK_3_isoform_X4	24.768	323	194	10	1.28e-14	80.5	C.mydas_PAK3_serinethreonineprotein_kinase_PAK_3_isoform_X4
C.carcharias_ulk1b_serinethreonineprotein_kinase_ULK1_isoform_X1	27.547	265	146	12	1.37e-14	80.9	C.carcharias_ulk1b_serinethreonineprotein_kinase_ULK1_isoform_X1
G.aculeatus_pak1_serinethreonineprotein_kinase_PAK_1	24.149	323	196	9	1.38e-14	80.5	G.aculeatus_pak1_serinethreonineprotein_kinase_PAK_1
X.laevis_map4k5.S_mitogenactivated_protein_kinase_kinase_kinase_k	24.183	306	185	10	1.50e-14	80.9	X.laevis_map4k5.S_mitogenactivated_protein_kinase_kinase_kinase_k
G.gallus_NEK9_serinethreonineprotein_kinase_Nek9_isoform_X2	24.830	294	182	9	1.58e-14	80.9	G.gallus_NEK9_serinethreonineprotein_kinase_Nek9_isoform_X2
S.salar_LOC106581190_serinethreonineprotein_kinase_Nek8_isoform_X	25.704	284	173	9	1.61e-14	80.5	S.salar_LOC106581190_serinethreonineprotein_kinase_Nek8_isoform_X
X.laevis_nek6.L_uncharacterized_protein_LOC100036860_isoform_X1	24.627	268	168	8	1.62e-14	78.2	X.laevis_nek6.L_uncharacterized_protein_LOC100036860_isoform_X1
G.gallus_PAK3_serinethreonineprotein_kinase_PAK_3_isoform_X1	24.458	323	195	10	1.62e-14	80.1	G.gallus_PAK3_serinethreonineprotein_kinase_PAK_3_isoform_X1
D.rerio_ulk2_serinethreonineprotein_kinase_ULK2	26.378	254	149	10	1.63e-14	80.9	D.rerio_ulk2_serinethreonineprotein_kinase_ULK2
S.salar_LOC106611248_mitogenactivated_protein_kinase_kinase_kinas	23.729	295	168	9	1.75e-14	80.9	S.salar_LOC106611248_mitogenactivated_protein_kinase_kinase_kinas
S.salar_LOC106607573_serinethreonineprotein_kinase_Nek2like	26.452	310	171	13	1.85e-14	79.3	S.salar_LOC106607573_serinethreonineprotein_kinase_Nek2like
C.mydas_ULK1_serinethreonineprotein_kinase_ULK1_isoform_X4	25.547	274	168	11	1.92e-14	80.5	C.mydas_ULK1_serinethreonineprotein_kinase_ULK1_isoform_X4
C.mydas_LOC102939739_deathassociated_protein_kinase_2_isoform_X2	27.243	301	180	13	1.97e-14	79.3	C.mydas_LOC102939739_deathassociated_protein_kinase_2_isoform_X2
C.carcharias_LOC121271661_serinethreonineprotein_kinase_PAK_2like	23.684	304	191	9	2.07e-14	79.7	C.carcharias_LOC121271661_serinethreonineprotein_kinase_PAK_2like
D.rerio_mylk5_myosin_light_chain_kinase_smooth_muscle_isoform_X1	22.872	376	236	15	2.09e-14	80.1	D.rerio_mylk5_myosin_light_chain_kinase_smooth_muscle_isoform_X1
S.salar_pak3_serinethreonineprotein_kinase_PAK_3_isoform_X1	24.092	303	181	10	2.26e-14	79.7	S.salar_pak3_serinethreonineprotein_kinase_PAK_3_isoform_X1
C.carcharias_LOC121292527_serinethreonineprotein_kinase_Nek9	24.101	278	171	9	2.28e-14	80.1	C.carcharias_LOC121292527_serinethreonineprotein_kinase_Nek9
S.salar_LOC106599743_LOW_QUALITY_PROTEIN_myosin_light_chain_kinas	27.037	270	160	12	2.37e-14	80.1	S.salar_LOC106599743_LOW_QUALITY_PROTEIN_myosin_light_chain_kinas
C.carcharias_eif2ak2_interferoninduced_doublestranded_RNAactivate	27.843	255	128	12	2.39e-14	79.7	C.carcharias_eif2ak2_interferoninduced_doublestranded_RNAactivate
S.salar_LOC106612881_serinethreonineprotein_kinase_PAK_1like	24.092	303	181	10	2.50e-14	79.3	S.salar_LOC106612881_serinethreonineprotein_kinase_PAK_1like
C.carcharias_nek4_serinethreonineprotein_kinase_Nek4_isoform_X3	25.000	280	175	9	2.51e-14	80.1	C.carcharias_nek4_serinethreonineprotein_kinase_Nek4_isoform_X3
S.townsendi_NEK6_serinethreonineprotein_kinase_Nek6_isoform_X1	24.542	273	172	8	2.56e-14	77.4	S.townsendi_NEK6_serinethreonineprotein_kinase_Nek6_isoform_X1
S.salar_LOC106602935_calciumcalmodulindependent_protein_kinase_ty	24.286	350	219	10	2.66e-14	79.0	S.salar_LOC106602935_calciumcalmodulindependent_protein_kinase_ty
S.salar_LOC106603108_serinethreonineprotein_kinase_PAK_3_isoform_	24.458	323	195	10	2.68e-14	79.3	S.salar_LOC106603108_serinethreonineprotein_kinase_PAK_3_isoform_
D.rerio_mylk4b_myosin_light_chain_kinase_family_member_4_isoform_	29.536	237	126	13	2.69e-14	79.7	D.rerio_mylk4b_myosin_light_chain_kinase_family_member_4_isoform_
C.carcharias_pak1_serinethreonineprotein_kinase_PAK_1	23.667	300	180	9	3.12e-14	79.0	C.carcharias_pak1_serinethreonineprotein_kinase_PAK_1
H.sapiens_TESK1_dual_specificity_testisspecific_protein_kinase_1_	28.571	238	129	10	3.16e-14	79.3	H.sapiens_TESK1_dual_specificity_testisspecific_protein_kinase_1_
S.salar_LOC106569150_myosin_light_chain_kinase_2_skeletalcardiac_	27.823	248	140	12	3.19e-14	79.7	S.salar_LOC106569150_myosin_light_chain_kinase_2_skeletalcardiac_
G.aculeatus_stk10_serinethreonineprotein_kinase_10	25.606	289	163	12	3.28e-14	79.7	G.aculeatus_stk10_serinethreonineprotein_kinase_10
C.carcharias_LOC121283866_serinethreonineprotein_kinase_Nek5like	25.552	317	190	12	3.60e-14	79.3	C.carcharias_LOC121283866_serinethreonineprotein_kinase_Nek5like
H.sapiens_STK17A_serinethreonineprotein_kinase_17A	25.979	281	176	11	3.83e-14	78.2	H.sapiens_STK17A_serinethreonineprotein_kinase_17A
S.salar_LOC106565859_serinethreonineprotein_kinase_Nek4_isoform_X	23.529	272	173	9	3.83e-14	79.3	S.salar_LOC106565859_serinethreonineprotein_kinase_Nek4_isoform_X
S.salar_LOC106567511_serinethreonineprotein_kinase_10	26.389	288	160	12	3.93e-14	79.3	S.salar_LOC106567511_serinethreonineprotein_kinase_10
C.carcharias_LOC121281799_serinethreonineprotein_kinase_PAK_3_iso	24.000	375	224	13	3.94e-14	79.0	C.carcharias_LOC121281799_serinethreonineprotein_kinase_PAK_3_iso
S.salar_LOC106589750_mitogenactivated_protein_kinase_kinase_kinas	23.390	295	169	9	4.36e-14	79.7	S.salar_LOC106589750_mitogenactivated_protein_kinase_kinase_kinas
H.sapiens_NEK9_serinethreonineprotein_kinase_Nek9_isoform_2	25.338	296	178	10	4.39e-14	79.3	H.sapiens_NEK9_serinethreonineprotein_kinase_Nek9_isoform_2
X.laevis_LOC108712438_serinethreonineprotein_kinase_PLK2	24.768	323	205	11	4.53e-14	79.0	X.laevis_LOC108712438_serinethreonineprotein_kinase_PLK2
S.salar_tesk2_dual_specificity_testisspecific_protein_kinase_2	26.301	365	205	17	4.83e-14	79.0	S.salar_tesk2_dual_specificity_testisspecific_protein_kinase_2
X.laevis_pak3.L_serinethreonineprotein_kinase_PAK_3_isoform_X1	24.458	323	195	10	4.84e-14	78.6	X.laevis_pak3.L_serinethreonineprotein_kinase_PAK_3_isoform_X1
E.caballus_NEK11_serinethreonineprotein_kinase_Nek11_isoform_X9	23.162	272	177	6	4.91e-14	79.0	E.caballus_NEK11_serinethreonineprotein_kinase_Nek11_isoform_X9
F.catus_MYLK3_myosin_light_chain_kinase_3_isoform_X2	25.573	262	152	12	5.36e-14	79.0	F.catus_MYLK3_myosin_light_chain_kinase_3_isoform_X2
H.sapiens_PAK3_serinethreonineprotein_kinase_PAK_3_isoform_X7	24.458	323	195	10	5.40e-14	78.6	H.sapiens_PAK3_serinethreonineprotein_kinase_PAK_3_isoform_X7
X.laevis_pak3.S_serinethreonineprotein_kinase_PAK_3like_isoform_X	24.458	323	195	10	5.50e-14	78.6	X.laevis_pak3.S_serinethreonineprotein_kinase_PAK_3like_isoform_X
S.townsendi_ULK2_serinethreonineprotein_kinase_ULK2	25.296	253	153	9	5.72e-14	79.0	S.townsendi_ULK2_serinethreonineprotein_kinase_ULK2
S.salar_LOC106582247_serinethreonineprotein_kinase_Nek5_isoform_X	22.956	318	197	12	5.90e-14	79.0	S.salar_LOC106582247_serinethreonineprotein_kinase_Nek5_isoform_X
S.salar_camk2a_calciumcalmodulindependent_protein_kinase_type_II_	23.729	354	224	10	6.05e-14	77.8	S.salar_camk2a_calciumcalmodulindependent_protein_kinase_type_II_
F.catus_TESK1_dual_specificity_testisspecific_protein_kinase_1	28.151	238	130	10	6.14e-14	78.6	F.catus_TESK1_dual_specificity_testisspecific_protein_kinase_1
F.catus_PAK3_serinethreonineprotein_kinase_PAK_3_isoform_X1	24.458	323	195	10	6.31e-14	78.2	F.catus_PAK3_serinethreonineprotein_kinase_PAK_3_isoform_X1
E.caballus_PAK3_serinethreonineprotein_kinase_PAK_3_isoform_X1	24.458	323	195	10	6.59e-14	78.2	E.caballus_PAK3_serinethreonineprotein_kinase_PAK_3_isoform_X1
H.sapiens_ULK1_serinethreonineprotein_kinase_ULK1_isoform_X1	27.059	255	146	11	6.69e-14	79.0	H.sapiens_ULK1_serinethreonineprotein_kinase_ULK1_isoform_X1
D.rerio_map4k3a_mitogenactivated_protein_kinase_kinase_kinase_kin	25.246	305	176	11	6.89e-14	78.6	D.rerio_map4k3a_mitogenactivated_protein_kinase_kinase_kinase_kin
C.carcharias_LOC121277189_dual_specificity_testisspecific_protein	27.719	285	147	14	6.96e-14	78.6	C.carcharias_LOC121277189_dual_specificity_testisspecific_protein
G.gallus_DCLK1_serinethreonineprotein_kinase_DCLK1_isoform_X1	25.993	277	162	11	7.00e-14	78.6	G.gallus_DCLK1_serinethreonineprotein_kinase_DCLK1_isoform_X1
S.townsendi_MAK_serinethreonineprotein_kinase_MAK_isoform_X1	26.730	318	157	14	7.05e-14	78.2	S.townsendi_MAK_serinethreonineprotein_kinase_MAK_isoform_X1
S.townsendi_STK10_serinethreonineprotein_kinase_10	27.562	283	151	14	7.35e-14	78.6	S.townsendi_STK10_serinethreonineprotein_kinase_10
S.salar_LOC106566564_NUAK_family_SNF1like_kinase_1	25.000	252	152	9	7.55e-14	78.2	S.salar_LOC106566564_NUAK_family_SNF1like_kinase_1
C.carcharias_myo3b_myosinIIIb_isoform_X11	24.092	303	184	10	7.56e-14	78.6	C.carcharias_myo3b_myosinIIIb_isoform_X11
X.laevis_dclk1.L_serinethreonineprotein_kinase_DCLK1_isoform_X1	24.921	317	184	14	7.83e-14	78.2	X.laevis_dclk1.L_serinethreonineprotein_kinase_DCLK1_isoform_X1
X.laevis_stk10.L_serinethreonineprotein_kinase_10Alike	27.393	303	168	12	8.05e-14	78.6	X.laevis_stk10.L_serinethreonineprotein_kinase_10Alike
H.sapiens_MAP4K1_mitogenactivated_protein_kinase_kinase_kinase_ki	24.828	290	169	10	8.34e-14	78.2	H.sapiens_MAP4K1_mitogenactivated_protein_kinase_kinase_kinase_ki
X.laevis_LOC121395111_traf2_and_NCKinteracting_protein_kinaselike	27.491	291	166	10	8.37e-14	77.4	X.laevis_LOC121395111_traf2_and_NCKinteracting_protein_kinaselike
C.mydas_PAK2_serinethreonineprotein_kinase_PAK_2	24.074	324	199	12	8.88e-14	77.8	C.mydas_PAK2_serinethreonineprotein_kinase_PAK_2
S.salar_LOC106569259_dual_specificity_testisspecific_protein_kina	27.419	310	172	16	9.02e-14	77.8	S.salar_LOC106569259_dual_specificity_testisspecific_protein_kina
S.salar_nek2_serinethreonineprotein_kinase_Nek2	27.184	309	170	13	9.08e-14	77.0	S.salar_nek2_serinethreonineprotein_kinase_Nek2
S.townsendi_PAK3_LOW_QUALITY_PROTEIN_serinethreonineprotein_kinas	24.841	314	187	10	9.09e-14	77.0	S.townsendi_PAK3_LOW_QUALITY_PROTEIN_serinethreonineprotein_kinas
S.townsendi_NEK9_serinethreonineprotein_kinase_Nek9_isoform_X2	25.753	299	179	10	9.49e-14	78.2	S.townsendi_NEK9_serinethreonineprotein_kinase_Nek9_isoform_X2
E.caballus_PAK1_serinethreonineprotein_kinase_PAK_1	24.458	323	195	10	9.60e-14	77.4	E.caballus_PAK1_serinethreonineprotein_kinase_PAK_1
D.rerio_pak1_serinethreonineprotein_kinase_PAK_1	24.522	314	188	10	9.81e-14	77.8	D.rerio_pak1_serinethreonineprotein_kinase_PAK_1
H.sapiens_SIK1_serinethreonineprotein_kinase_SIK1_isoform_X1	24.731	279	170	10	1.00e-13	77.8	H.sapiens_SIK1_serinethreonineprotein_kinase_SIK1_isoform_X1
E.caballus_TESK1_dual_specificity_testisspecific_protein_kinase_1	28.571	238	129	11	1.05e-13	77.8	E.caballus_TESK1_dual_specificity_testisspecific_protein_kinase_1
H.sapiens_CAMK2B_calciumcalmodulindependent_protein_kinase_type_I	24.069	349	229	10	1.10e-13	77.8	H.sapiens_CAMK2B_calciumcalmodulindependent_protein_kinase_type_I
D.rerio_nek8_serinethreonineprotein_kinase_Nek8	24.648	284	176	9	1.14e-13	77.8	D.rerio_nek8_serinethreonineprotein_kinase_Nek8
H.sapiens_LOC102724428_putative_serinethreonineprotein_kinase_SIK	24.731	279	170	10	1.17e-13	77.8	H.sapiens_LOC102724428_putative_serinethreonineprotein_kinase_SIK
D.rerio_map4k5_mitogenactivated_protein_kinase_kinase_kinase_kina	25.325	308	179	13	1.17e-13	77.8	D.rerio_map4k5_mitogenactivated_protein_kinase_kinase_kinase_kina
C.mydas_DCLK1_serinethreonineprotein_kinase_DCLK1_isoform_X2	25.993	277	162	11	1.21e-13	77.8	C.mydas_DCLK1_serinethreonineprotein_kinase_DCLK1_isoform_X2
D.rerio_nek8_serinethreonineprotein_kinase_Nek8	24.648	284	176	9	1.23e-13	77.4	D.rerio_nek8_serinethreonineprotein_kinase_Nek8
C.carcharias_mylk4b_myosin_light_chain_kinase_3_isoform_X3	27.801	241	135	13	1.26e-13	77.8	C.carcharias_mylk4b_myosin_light_chain_kinase_3_isoform_X3
X.laevis_LOC108698644_mitogenactivated_protein_kinase_kinase_kina	24.691	324	174	14	1.27e-13	77.8	X.laevis_LOC108698644_mitogenactivated_protein_kinase_kinase_kina
S.salar_LOC106560547_serinethreonineprotein_kinase_Nek7like_isofo	23.810	273	174	8	1.27e-13	75.1	S.salar_LOC106560547_serinethreonineprotein_kinase_Nek7like_isofo
X.laevis_stk10.S_serinethreonineprotein_kinase_10A	27.336	289	158	12	1.28e-13	77.8	X.laevis_stk10.S_serinethreonineprotein_kinase_10A
X.laevis_ulk2.L_serinethreonineprotein_kinase_ULK2	25.692	253	152	9	1.29e-13	77.8	X.laevis_ulk2.L_serinethreonineprotein_kinase_ULK2
E.caballus_MYLK_myosin_light_chain_kinase_smooth_muscle_isoform_X	25.379	264	160	10	1.30e-13	78.2	E.caballus_MYLK_myosin_light_chain_kinase_smooth_muscle_isoform_X
H.sapiens_MAP4K1_mitogenactivated_protein_kinase_kinase_kinase_ki	24.828	290	169	10	1.31e-13	77.8	H.sapiens_MAP4K1_mitogenactivated_protein_kinase_kinase_kinase_ki
X.laevis_pak2.L_serinethreonineprotein_kinase_PAK_2	24.013	304	190	10	1.33e-13	77.0	X.laevis_pak2.L_serinethreonineprotein_kinase_PAK_2
D.rerio_map3k4_mitogenactivated_protein_kinase_kinase_kinase_4_is	24.092	303	158	11	1.35e-13	77.8	D.rerio_map3k4_mitogenactivated_protein_kinase_kinase_kinase_4_is
D.rerio_LOC101885707_serinethreonineprotein_kinase_Nek4like	26.432	227	119	9	1.36e-13	77.4	D.rerio_LOC101885707_serinethreonineprotein_kinase_Nek4like
F.catus_PAK1_serinethreonineprotein_kinase_PAK_1	23.514	370	217	12	1.39e-13	77.0	F.catus_PAK1_serinethreonineprotein_kinase_PAK_1
C.mydas_NEK1_serinethreonineprotein_kinase_Nek1_isoform_X11	22.222	306	203	8	1.43e-13	77.8	C.mydas_NEK1_serinethreonineprotein_kinase_Nek1_isoform_X11
E.caballus_SIK1_serinethreonineprotein_kinase_SIK1	24.373	279	171	10	1.44e-13	77.4	E.caballus_SIK1_serinethreonineprotein_kinase_SIK1
C.mydas_STK10_serinethreonineprotein_kinase_10	26.316	285	158	12	1.46e-13	77.8	C.mydas_STK10_serinethreonineprotein_kinase_10
S.townsendi_DCLK1_serinethreonineprotein_kinase_DCLK1_isoform_X1	25.632	277	163	11	1.49e-13	77.4	S.townsendi_DCLK1_serinethreonineprotein_kinase_DCLK1_isoform_X1
C.mydas_ULK2_serinethreonineprotein_kinase_ULK2_isoform_X1	25.296	253	153	9	1.49e-13	77.8	C.mydas_ULK2_serinethreonineprotein_kinase_ULK2_isoform_X1
H.sapiens_MYLK4_myosin_light_chain_kinase_family_member_4_isoform	26.087	322	187	15	1.52e-13	76.6	H.sapiens_MYLK4_myosin_light_chain_kinase_family_member_4_isoform
X.laevis_mylk4.L_myosin_light_chain_kinase_3_isoform_X2	23.932	351	204	14	1.56e-13	77.4	X.laevis_mylk4.L_myosin_light_chain_kinase_3_isoform_X2
D.rerio_si:dkeyp-75h12.2_dual_specificity_testisspecific_protein_	26.812	276	159	12	1.56e-13	77.0	D.rerio_si:dkeyp-75h12.2_dual_specificity_testisspecific_protein_
D.rerio_si:dkeyp-75h12.2_dual_specificity_testisspecific_protein_	26.812	276	159	12	1.56e-13	77.0	D.rerio_si:dkeyp-75h12.2_dual_specificity_testisspecific_protein_
X.laevis_pak1.S_p21activated_kinase_1_isoform_X2	23.667	300	180	9	1.70e-13	76.6	X.laevis_pak1.S_p21activated_kinase_1_isoform_X2
F.catus_DCLK3_serinethreonineprotein_kinase_DCLK3	25.503	298	188	13	1.80e-13	77.0	F.catus_DCLK3_serinethreonineprotein_kinase_DCLK3
G.gallus_PAK2_serinethreonineprotein_kinase_PAK_2	23.684	304	191	10	1.86e-13	76.6	G.gallus_PAK2_serinethreonineprotein_kinase_PAK_2
C.mydas_NUAK1_NUAK_family_SNF1like_kinase_1	25.172	290	168	11	1.91e-13	77.0	C.mydas_NUAK1_NUAK_family_SNF1like_kinase_1
S.salar_LOC106577155_mitogenactivated_protein_kinase_kinase_kinas	24.918	305	177	11	1.93e-13	77.4	S.salar_LOC106577155_mitogenactivated_protein_kinase_kinase_kinas
S.townsendi_PAK2_serinethreonineprotein_kinase_PAK_2	23.355	304	192	9	2.00e-13	76.6	S.townsendi_PAK2_serinethreonineprotein_kinase_PAK_2
X.laevis_dclk3.L_serinethreonineprotein_kinase_DCLK3	24.540	326	207	13	2.06e-13	77.0	X.laevis_dclk3.L_serinethreonineprotein_kinase_DCLK3
G.gallus_STK10_serinethreonineprotein_kinase_10	26.241	282	156	12	2.06e-13	77.0	G.gallus_STK10_serinethreonineprotein_kinase_10
C.mydas_NEK2_serinethreonineprotein_kinase_Nek2_isoform_X1	25.850	294	167	10	2.07e-13	75.9	C.mydas_NEK2_serinethreonineprotein_kinase_Nek2_isoform_X1
H.sapiens_DCLK1_serinethreonineprotein_kinase_DCLK1_isoform_5	26.087	322	178	15	2.12e-13	77.0	H.sapiens_DCLK1_serinethreonineprotein_kinase_DCLK1_isoform_5
X.laevis_sik2.S_serinethreonineprotein_kinase_SIK2	24.468	282	177	10	2.13e-13	77.0	X.laevis_sik2.S_serinethreonineprotein_kinase_SIK2
D.rerio_map4k3b_mitogenactivated_protein_kinase_kinase_kinase_kin	24.918	305	177	11	2.15e-13	77.0	D.rerio_map4k3b_mitogenactivated_protein_kinase_kinase_kinase_kin
D.rerio_map4k3b_mitogenactivated_protein_kinase_kinase_kinase_kin	24.918	305	177	11	2.15e-13	77.0	D.rerio_map4k3b_mitogenactivated_protein_kinase_kinase_kinase_kin
C.mydas_PAK1_serinethreonineprotein_kinase_PAK_1	24.000	300	179	10	2.29e-13	76.3	C.mydas_PAK1_serinethreonineprotein_kinase_PAK_1
C.mydas_MAP4K1_mitogenactivated_protein_kinase_kinase_kinase_kina	23.810	315	182	11	2.31e-13	75.5	C.mydas_MAP4K1_mitogenactivated_protein_kinase_kinase_kinase_kina
G.aculeatus_mak_serinethreonineprotein_kinase_MAK_isoform_X7	25.868	317	160	14	2.32e-13	76.6	G.aculeatus_mak_serinethreonineprotein_kinase_MAK_isoform_X7
S.salar_map4k3a_mitogenactivated_protein_kinase_kinase_kinase_kin	25.246	305	176	11	2.42e-13	77.0	S.salar_map4k3a_mitogenactivated_protein_kinase_kinase_kinase_kin
S.salar_LOC106608247_mitogenactivated_protein_kinase_kinase_kinas	24.272	309	181	11	2.42e-13	77.0	S.salar_LOC106608247_mitogenactivated_protein_kinase_kinase_kinas
E.caballus_CAMK2B_calciumcalmodulindependent_protein_kinase_type_	23.496	349	221	10	2.42e-13	76.6	E.caballus_CAMK2B_calciumcalmodulindependent_protein_kinase_type_
E.caballus_MYLK3_myosin_light_chain_kinase_3_isoform_X4	25.287	261	154	12	2.47e-13	76.6	E.caballus_MYLK3_myosin_light_chain_kinase_3_isoform_X4
H.sapiens_STK10_serinethreonineprotein_kinase_10_isoform_X3	26.316	304	171	13	2.47e-13	77.0	H.sapiens_STK10_serinethreonineprotein_kinase_10_isoform_X3
X.laevis_LOC108700969_myosin_light_chain_kinase_2_skeletalcardiac	22.941	340	220	13	2.57e-13	75.9	X.laevis_LOC108700969_myosin_light_chain_kinase_2_skeletalcardiac
G.aculeatus_nek8_serinethreonineprotein_kinase_Nek8_isoform_X2	26.103	272	163	9	2.60e-13	76.6	G.aculeatus_nek8_serinethreonineprotein_kinase_Nek8_isoform_X2
G.gallus_ULK2_serinethreonineprotein_kinase_ULK2	25.296	253	153	9	2.61e-13	77.0	G.gallus_ULK2_serinethreonineprotein_kinase_ULK2
D.rerio_si:dkey-192d15.2_uncharacterized_protein_LOC557558	25.510	294	172	11	2.85e-13	76.3	D.rerio_si:dkey-192d15.2_uncharacterized_protein_LOC557558
H.sapiens_MAP3K4_mitogenactivated_protein_kinase_kinase_kinase_4_	24.080	299	169	10	3.03e-13	77.0	H.sapiens_MAP3K4_mitogenactivated_protein_kinase_kinase_kinase_4_
S.townsendi_SIK2_serinethreonineprotein_kinase_SIK2_isoform_X1	24.735	283	173	9	3.04e-13	76.6	S.townsendi_SIK2_serinethreonineprotein_kinase_SIK2_isoform_X1
F.catus_SIK1_serinethreonineprotein_kinase_SIK1	24.731	279	170	10	3.07e-13	76.3	F.catus_SIK1_serinethreonineprotein_kinase_SIK1
S.salar_stk36_serinethreonineprotein_kinase_36_isoform_X3	24.820	278	169	9	3.24e-13	76.6	S.salar_stk36_serinethreonineprotein_kinase_36_isoform_X3
X.laevis_LOC108709942_serinethreonineprotein_kinase_DCLK1_isoform	24.921	317	184	14	3.24e-13	76.3	X.laevis_LOC108709942_serinethreonineprotein_kinase_DCLK1_isoform
S.townsendi_CAMK2B_calciumcalmodulindependent_protein_kinase_type	24.069	349	229	10	3.27e-13	76.3	S.townsendi_CAMK2B_calciumcalmodulindependent_protein_kinase_type
E.caballus_DCLK1_serinethreonineprotein_kinase_DCLK1_isoform_X2	25.993	277	162	11	3.30e-13	76.3	E.caballus_DCLK1_serinethreonineprotein_kinase_DCLK1_isoform_X2
X.laevis_LOC108715487_myosin_light_chain_kinase_family_member_4_i	27.016	248	140	13	3.34e-13	76.3	X.laevis_LOC108715487_myosin_light_chain_kinase_family_member_4_i
S.salar_map4k5_mitogenactivated_protein_kinase_kinase_kinase_kina	24.510	306	184	11	3.35e-13	76.3	S.salar_map4k5_mitogenactivated_protein_kinase_kinase_kinase_kina
F.catus_ULK1_serinethreonineprotein_kinase_ULK1_isoform_X1	26.667	255	147	11	3.44e-13	76.6	F.catus_ULK1_serinethreonineprotein_kinase_ULK1_isoform_X1
C.mydas_MYLK_myosin_light_chain_kinase_smooth_muscle_isoform_X2	27.170	265	154	12	3.45e-13	76.6	C.mydas_MYLK_myosin_light_chain_kinase_smooth_muscle_isoform_X2
F.catus_DCLK1_serinethreonineprotein_kinase_DCLK1_isoform_X2	25.993	277	162	11	3.66e-13	76.3	F.catus_DCLK1_serinethreonineprotein_kinase_DCLK1_isoform_X2
G.aculeatus_LOC120821085_mitogenactivated_protein_kinase_kinase_k	24.918	305	177	11	3.76e-13	76.3	G.aculeatus_LOC120821085_mitogenactivated_protein_kinase_kinase_k
D.rerio_tesk2_dual_specificity_testisspecific_protein_kinase_2_is	27.500	280	152	14	3.81e-13	75.9	D.rerio_tesk2_dual_specificity_testisspecific_protein_kinase_2_is
C.mydas_MYLK3_myosin_light_chain_kinase_3_isoform_X3	26.556	241	139	12	3.93e-13	76.3	C.mydas_MYLK3_myosin_light_chain_kinase_3_isoform_X3
F.catus_PAK2_serinethreonineprotein_kinase_PAK_2	24.013	304	190	10	4.01e-13	75.5	F.catus_PAK2_serinethreonineprotein_kinase_PAK_2
G.aculeatus_map3k4_mitogenactivated_protein_kinase_kinase_kinase_	22.867	293	174	8	4.05e-13	76.3	G.aculeatus_map3k4_mitogenactivated_protein_kinase_kinase_kinase_
E.caballus_PAK2_serinethreonineprotein_kinase_PAK_2	24.013	304	190	10	4.11e-13	75.5	E.caballus_PAK2_serinethreonineprotein_kinase_PAK_2
S.salar_LOC106585154_mitogenactivated_protein_kinase_kinase_kinas	25.246	305	176	11	4.12e-13	76.3	S.salar_LOC106585154_mitogenactivated_protein_kinase_kinase_kinas
S.townsendi_MAP3K4_mitogenactivated_protein_kinase_kinase_kinase_	23.102	303	167	9	4.24e-13	76.3	S.townsendi_MAP3K4_mitogenactivated_protein_kinase_kinase_kinase_
C.carcharias_ulk2_serinethreonineprotein_kinase_ULK2_isoform_X1	25.397	252	152	9	4.35e-13	76.3	C.carcharias_ulk2_serinethreonineprotein_kinase_ULK2_isoform_X1
G.gallus_MAP4K5_mitogenactivated_protein_kinase_kinase_kinase_kin	24.306	288	173	10	4.60e-13	75.9	G.gallus_MAP4K5_mitogenactivated_protein_kinase_kinase_kinase_kin
G.gallus_ULK1_serinethreonineprotein_kinase_ULK1_isoform_X1	25.379	264	157	11	4.71e-13	75.9	G.gallus_ULK1_serinethreonineprotein_kinase_ULK1_isoform_X1
S.townsendi_LOC125440012_deathassociated_protein_kinase_2like_iso	28.440	218	125	8	4.72e-13	75.1	S.townsendi_LOC125440012_deathassociated_protein_kinase_2like_iso
S.salar_nek6_serinethreonineprotein_kinase_Nek6_isoform_X1	24.364	275	174	9	4.73e-13	73.6	S.salar_nek6_serinethreonineprotein_kinase_Nek6_isoform_X1
E.caballus_MAP4K1_mitogenactivated_protein_kinase_kinase_kinase_k	24.483	290	170	10	4.76e-13	75.9	E.caballus_MAP4K1_mitogenactivated_protein_kinase_kinase_kinase_k
D.rerio_mak_serinethreonineprotein_kinase_MAK_isoform_X4	25.714	315	159	14	4.81e-13	75.5	D.rerio_mak_serinethreonineprotein_kinase_MAK_isoform_X4
E.caballus_PLK2_serinethreonineprotein_kinase_PLK2	24.820	278	167	10	4.92e-13	75.5	E.caballus_PLK2_serinethreonineprotein_kinase_PLK2
E.caballus_SIK2_serinethreonineprotein_kinase_SIK2_isoform_X1	23.843	281	178	9	4.95e-13	75.9	E.caballus_SIK2_serinethreonineprotein_kinase_SIK2_isoform_X1
G.gallus_NUAK1_NUAK_family_SNF1like_kinase_1	24.828	290	169	11	5.08e-13	75.5	G.gallus_NUAK1_NUAK_family_SNF1like_kinase_1
S.salar_dclk3_serinethreonineprotein_kinase_ULK1	24.507	355	212	17	5.29e-13	75.9	S.salar_dclk3_serinethreonineprotein_kinase_ULK1
S.salar_LOC106601032_myosin_light_chain_kinase_smooth_musclelike	23.944	355	223	13	5.31e-13	75.9	S.salar_LOC106601032_myosin_light_chain_kinase_smooth_musclelike
S.salar_LOC100195685_serinethreonineprotein_kinase_SIK2	23.355	304	197	9	5.32e-13	75.9	S.salar_LOC100195685_serinethreonineprotein_kinase_SIK2
S.salar_mark2b_serinethreonineprotein_kinase_MARK2	24.038	312	202	8	5.32e-13	75.5	S.salar_mark2b_serinethreonineprotein_kinase_MARK2
S.salar_LOC100195738_calciumcalmodulindependent_protein_kinase_ty	24.845	322	207	10	5.50e-13	75.5	S.salar_LOC100195738_calciumcalmodulindependent_protein_kinase_ty
G.aculeatus_tesk1b_dual_specificity_testisspecific_protein_kinase	24.845	322	198	11	5.57e-13	75.5	G.aculeatus_tesk1b_dual_specificity_testisspecific_protein_kinase
C.carcharias_LOC121274741_mitogenactivated_protein_kinase_kinase_	24.561	285	170	9	5.72e-13	75.5	C.carcharias_LOC121274741_mitogenactivated_protein_kinase_kinase_
C.mydas_MAP4K5_mitogenactivated_protein_kinase_kinase_kinase_kina	23.958	288	174	10	5.73e-13	75.5	C.mydas_MAP4K5_mitogenactivated_protein_kinase_kinase_kinase_kina
C.carcharias_plk3_serinethreonineprotein_kinase_PLK3	24.275	276	169	9	5.80e-13	75.5	C.carcharias_plk3_serinethreonineprotein_kinase_PLK3
H.sapiens_PAK2_serinethreonineprotein_kinase_PAK_2_isoform_X1	24.013	304	190	10	5.84e-13	75.1	H.sapiens_PAK2_serinethreonineprotein_kinase_PAK_2_isoform_X1
X.laevis_mylkl.L_myosin_light_chain_kinase_smooth_muscle	23.861	373	224	14	6.01e-13	75.5	X.laevis_mylkl.L_myosin_light_chain_kinase_smooth_muscle
S.salar_LOC100195918_serinethreonineprotein_kinase_PLK2	23.827	277	169	9	6.14e-13	75.1	S.salar_LOC100195918_serinethreonineprotein_kinase_PLK2
E.caballus_MYO3B_myosinIIIb	21.958	378	240	13	6.15e-13	75.9	E.caballus_MYO3B_myosinIIIb
X.laevis_ulk1.S_serinethreonineprotein_kinase_ULK1_isoform_X4	25.573	262	155	11	6.32e-13	75.5	X.laevis_ulk1.S_serinethreonineprotein_kinase_ULK1_isoform_X4
S.salar_LOC106602362_serinethreonineprotein_kinase_DCLK2_isoform_	25.641	273	168	10	6.39e-13	75.5	S.salar_LOC106602362_serinethreonineprotein_kinase_DCLK2_isoform_
F.catus_MAK_serinethreonineprotein_kinase_MAK_isoform_X8	24.522	314	163	12	6.44e-13	75.1	F.catus_MAK_serinethreonineprotein_kinase_MAK_isoform_X8
D.rerio_map4k6_mitogenactivated_protein_kinase_kinase_kinase_kina	23.429	350	212	13	6.47e-13	75.5	D.rerio_map4k6_mitogenactivated_protein_kinase_kinase_kinase_kina
S.salar_LOC106611444_mitogenactivated_protein_kinase_kinase_kinas	23.856	306	186	10	6.49e-13	75.5	S.salar_LOC106611444_mitogenactivated_protein_kinase_kinase_kinas
X.laevis_ulk1.L_serinethreonineprotein_kinase_ULK1_isoform_X2	25.564	266	150	11	6.59e-13	75.5	X.laevis_ulk1.L_serinethreonineprotein_kinase_ULK1_isoform_X2
D.rerio_nek2_serinethreonineprotein_kinase_Nek2	26.174	298	165	12	6.68e-13	74.3	D.rerio_nek2_serinethreonineprotein_kinase_Nek2
C.carcharias_mak_serinethreonineprotein_kinase_MAK_isoform_X1	24.841	314	162	12	6.71e-13	74.7	C.carcharias_mak_serinethreonineprotein_kinase_MAK_isoform_X1
X.laevis_ulk3.L_serinethreonineprotein_kinase_ULK3_isoform_X1	23.891	293	189	9	6.83e-13	74.7	X.laevis_ulk3.L_serinethreonineprotein_kinase_ULK3_isoform_X1
X.laevis_sik2.L_serinethreonineprotein_kinase_SIK2	24.113	282	178	10	6.94e-13	75.5	X.laevis_sik2.L_serinethreonineprotein_kinase_SIK2
C.mydas_DCLK2_serinethreonineprotein_kinase_DCLK2_isoform_X1	22.571	350	222	12	7.07e-13	75.1	C.mydas_DCLK2_serinethreonineprotein_kinase_DCLK2_isoform_X1
H.sapiens_SIK2_serinethreonineprotein_kinase_SIK2	23.843	281	178	9	7.10e-13	75.5	H.sapiens_SIK2_serinethreonineprotein_kinase_SIK2
X.laevis_map3k1.S_mitogenactivated_protein_kinase_kinase_kinase_1	24.752	303	183	9	7.18e-13	75.5	X.laevis_map3k1.S_mitogenactivated_protein_kinase_kinase_kinase_1
S.townsendi_MYLK3_LOW_QUALITY_PROTEIN_myosin_light_chain_kinase_3	23.529	357	210	17	7.20e-13	75.1	S.townsendi_MYLK3_LOW_QUALITY_PROTEIN_myosin_light_chain_kinase_3
C.mydas_MYLK4_myosin_light_chain_kinase_family_member_4	25.000	292	173	13	7.26e-13	75.1	C.mydas_MYLK4_myosin_light_chain_kinase_family_member_4
H.sapiens_MYO3B_myosinIIIb_isoform_2	23.630	292	177	10	7.55e-13	75.5	H.sapiens_MYO3B_myosinIIIb_isoform_2
S.townsendi_DCLK3_serinethreonineprotein_kinase_DCLK3	24.695	328	200	13	7.75e-13	75.1	S.townsendi_DCLK3_serinethreonineprotein_kinase_DCLK3
H.sapiens_MAK_serinethreonineprotein_kinase_MAK_isoform_2	24.522	314	163	12	7.91e-13	75.1	H.sapiens_MAK_serinethreonineprotein_kinase_MAK_isoform_2
H.sapiens_PLK2_serinethreonineprotein_kinase_PLK2_isoform_2	24.820	278	167	10	8.06e-13	75.1	H.sapiens_PLK2_serinethreonineprotein_kinase_PLK2_isoform_2
E.caballus_NEK9_serinethreonineprotein_kinase_Nek9	25.185	270	160	9	8.21e-13	75.1	E.caballus_NEK9_serinethreonineprotein_kinase_Nek9
X.laevis_map3k4.S_mitogenactivated_protein_kinase_kinase_kinase_4	23.102	303	167	9	8.23e-13	75.5	X.laevis_map3k4.S_mitogenactivated_protein_kinase_kinase_kinase_4
F.catus_PLK2_serinethreonineprotein_kinase_PLK2	24.820	278	167	10	8.56e-13	74.7	F.catus_PLK2_serinethreonineprotein_kinase_PLK2
S.salar_LOC106584354_serinethreonineprotein_kinase_PAK_2like	22.977	309	193	10	8.58e-13	74.3	S.salar_LOC106584354_serinethreonineprotein_kinase_PAK_2like
G.gallus_DCLK2_serinethreonineprotein_kinase_DCLK2_isoform_X1	24.188	277	167	10	8.80e-13	75.1	G.gallus_DCLK2_serinethreonineprotein_kinase_DCLK2_isoform_X1
S.salar_LOC106603843_serinethreonineprotein_kinase_10like	26.316	304	171	13	8.85e-13	75.1	S.salar_LOC106603843_serinethreonineprotein_kinase_10like
C.mydas_MAK_serinethreonineprotein_kinase_MAK_isoform_X1	24.522	314	163	12	8.92e-13	74.7	C.mydas_MAK_serinethreonineprotein_kinase_MAK_isoform_X1
F.catus_MYLK_myosin_light_chain_kinase_smooth_muscle	23.497	366	220	16	9.04e-13	75.5	F.catus_MYLK_myosin_light_chain_kinase_smooth_muscle
F.catus_MAP4K1_mitogenactivated_protein_kinase_kinase_kinase_kina	24.138	290	171	10	9.24e-13	75.1	F.catus_MAP4K1_mitogenactivated_protein_kinase_kinase_kinase_kina
S.salar_LOC106594971_NUAK_family_SNF1like_kinase_1	23.022	278	175	8	9.24e-13	74.7	S.salar_LOC106594971_NUAK_family_SNF1like_kinase_1
S.salar_nuak1b_NUAK_family_SNF1like_kinase_1	26.087	276	169	11	9.31e-13	74.7	S.salar_nuak1b_NUAK_family_SNF1like_kinase_1
S.salar_LOC106579690_serinethreonineprotein_kinase_17A	25.597	293	174	11	9.52e-13	73.9	S.salar_LOC106579690_serinethreonineprotein_kinase_17A
E.caballus_MAK_serinethreonineprotein_kinase_MAK_isoform_X2	24.522	314	163	12	9.57e-13	74.7	E.caballus_MAK_serinethreonineprotein_kinase_MAK_isoform_X2
C.mydas_SIK2_serinethreonineprotein_kinase_SIK2_isoform_X1	24.911	281	175	10	9.61e-13	75.1	C.mydas_SIK2_serinethreonineprotein_kinase_SIK2_isoform_X1
E.caballus_MYLK2_myosin_light_chain_kinase_2_skeletalcardiac_musc	22.917	336	220	12	9.95e-13	74.3	E.caballus_MYLK2_myosin_light_chain_kinase_2_skeletalcardiac_musc
S.salar_LOC106609682_NUAK_family_SNF1like_kinase_1	23.022	278	175	8	9.97e-13	74.7	S.salar_LOC106609682_NUAK_family_SNF1like_kinase_1
G.gallus_TESK1_dual_specificity_testisspecific_protein_kinase_1_i	26.354	277	162	11	1.06e-12	74.7	G.gallus_TESK1_dual_specificity_testisspecific_protein_kinase_1_i
C.mydas_STK24_serinethreonineprotein_kinase_24_isoform_X7	22.543	346	172	11	1.07e-12	73.9	C.mydas_STK24_serinethreonineprotein_kinase_24_isoform_X7
S.salar_LOC106610193_serinethreonineprotein_kinase_DCLK2_isoform_	25.641	273	168	10	1.07e-12	74.7	S.salar_LOC106610193_serinethreonineprotein_kinase_DCLK2_isoform_
C.carcharias_mark2b_serinethreonineprotein_kinase_MARK2_isoform_X	23.973	292	191	7	1.13e-12	74.7	C.carcharias_mark2b_serinethreonineprotein_kinase_MARK2_isoform_X
G.aculeatus_myo3a_LOW_QUALITY_PROTEIN_myosinIIIa	24.490	294	173	12	1.14e-12	75.1	G.aculeatus_myo3a_LOW_QUALITY_PROTEIN_myosinIIIa
X.laevis_pak2.S_p21activated_kinase_2	23.355	304	192	10	1.15e-12	73.9	X.laevis_pak2.S_p21activated_kinase_2
G.aculeatus_LOC120825305_cyclindependent_kinaselike_1	26.144	306	175	13	1.19e-12	72.8	G.aculeatus_LOC120825305_cyclindependent_kinaselike_1
X.laevis_LOC108709614_serinethreonineprotein_kinase_ULK2like	25.296	253	153	9	1.22e-12	74.7	X.laevis_LOC108709614_serinethreonineprotein_kinase_ULK2like
G.aculeatus_LOC120832922_serinethreonineprotein_kinase_PAK_2like	22.697	304	194	9	1.26e-12	73.9	G.aculeatus_LOC120832922_serinethreonineprotein_kinase_PAK_2like
X.laevis_mylk.L_myosin_light_chain_kinase_smooth_muscle_isoform_X	23.724	333	202	13	1.30e-12	74.7	X.laevis_mylk.L_myosin_light_chain_kinase_smooth_muscle_isoform_X
X.laevis_LOC108719112_dual_specificity_testisspecific_protein_kin	28.358	268	153	12	1.31e-12	74.3	X.laevis_LOC108719112_dual_specificity_testisspecific_protein_kin
G.aculeatus_map4k5_LOW_QUALITY_PROTEIN_mitogenactivated_protein_k	24.510	306	184	10	1.33e-12	74.3	G.aculeatus_map4k5_LOW_QUALITY_PROTEIN_mitogenactivated_protein_k
X.laevis_mak.L_male_germ_cell_associated_kinase_L_homeolog_isofor	23.625	309	173	10	1.34e-12	74.3	X.laevis_mak.L_male_germ_cell_associated_kinase_L_homeolog_isofor
H.sapiens_CAMK2A_calciumcalmodulindependent_protein_kinase_type_I	24.912	285	180	9	1.38e-12	73.6	H.sapiens_CAMK2A_calciumcalmodulindependent_protein_kinase_type_I
F.catus_CAMK2A_calciumcalmodulindependent_protein_kinase_type_II_	24.912	285	180	9	1.39e-12	73.6	F.catus_CAMK2A_calciumcalmodulindependent_protein_kinase_type_II_
E.caballus_CAMK2A_calciumcalmodulindependent_protein_kinase_type_	24.912	285	180	9	1.39e-12	73.6	E.caballus_CAMK2A_calciumcalmodulindependent_protein_kinase_type_
D.rerio_map4k2_mitogenactivated_protein_kinase_kinase_kinase_kina	23.934	305	180	11	1.43e-12	74.3	D.rerio_map4k2_mitogenactivated_protein_kinase_kinase_kinase_kina
S.townsendi_NEK2_serinethreonineprotein_kinase_Nek2_isoform_X1	25.545	321	174	12	1.46e-12	73.6	S.townsendi_NEK2_serinethreonineprotein_kinase_Nek2_isoform_X1
C.mydas_PLK2_serinethreonineprotein_kinase_PLK2	24.088	274	174	9	1.49e-12	73.9	C.mydas_PLK2_serinethreonineprotein_kinase_PLK2
X.laevis_LOC108704323_traf2_and_NCKinteracting_protein_kinaselike	27.530	247	136	9	1.50e-12	72.0	X.laevis_LOC108704323_traf2_and_NCKinteracting_protein_kinaselike
F.catus_MYO3B_myosinIIIb_isoform_X1	21.958	378	240	13	1.57e-12	74.3	F.catus_MYO3B_myosinIIIb_isoform_X1
G.aculeatus_dclk1a_serinethreonineprotein_kinase_DCLK1a_isoform_X	24.679	312	187	13	1.60e-12	73.9	G.aculeatus_dclk1a_serinethreonineprotein_kinase_DCLK1a_isoform_X
G.gallus_PAK1_serinethreonineprotein_kinase_PAK_1_isoform_X1	23.667	300	180	10	1.60e-12	73.6	G.gallus_PAK1_serinethreonineprotein_kinase_PAK_1_isoform_X1
G.gallus_CAMK2B_calciumcalmodulindependent_protein_kinase_type_II	24.355	349	218	11	1.63e-12	73.6	G.gallus_CAMK2B_calciumcalmodulindependent_protein_kinase_type_II
G.aculeatus_map4k2_mitogenactivated_protein_kinase_kinase_kinase_	25.436	287	165	10	1.65e-12	74.3	G.aculeatus_map4k2_mitogenactivated_protein_kinase_kinase_kinase_
F.catus_NEK8_serinethreonineprotein_kinase_Nek8_isoform_X8	24.354	271	169	8	1.65e-12	73.9	F.catus_NEK8_serinethreonineprotein_kinase_Nek8_isoform_X8
G.aculeatus_LOC120821476_serinethreonineprotein_kinase_26like	27.700	213	112	9	1.68e-12	72.0	G.aculeatus_LOC120821476_serinethreonineprotein_kinase_26like
S.townsendi_SIK3_serinethreonineprotein_kinase_SIK3_isoform_X3	25.000	284	163	11	1.69e-12	74.3	S.townsendi_SIK3_serinethreonineprotein_kinase_SIK3_isoform_X3
C.carcharias_sik3_serinethreonineprotein_kinase_SIK3_homolog_isof	22.756	312	199	9	1.70e-12	74.3	C.carcharias_sik3_serinethreonineprotein_kinase_SIK3_homolog_isof
X.laevis_stk36.L_serinethreonineprotein_kinase_36_isoform_X1	24.277	346	194	11	1.70e-12	74.3	X.laevis_stk36.L_serinethreonineprotein_kinase_36_isoform_X1
S.salar_LOC106562001_myosin_light_chain_kinase_3like_isoform_X2	26.360	239	138	12	1.71e-12	73.9	S.salar_LOC106562001_myosin_light_chain_kinase_3like_isoform_X2
F.catus_MAP3K4_mitogenactivated_protein_kinase_kinase_kinase_4_is	23.411	299	171	10	1.76e-12	74.3	F.catus_MAP3K4_mitogenactivated_protein_kinase_kinase_kinase_4_is
E.caballus_MAP3K1_mitogenactivated_protein_kinase_kinase_kinase_1	23.762	303	186	8	1.80e-12	74.3	E.caballus_MAP3K1_mitogenactivated_protein_kinase_kinase_kinase_1
G.aculeatus_camk2a_calciumcalmodulindependent_protein_kinase_type	24.912	285	180	8	1.87e-12	73.2	G.aculeatus_camk2a_calciumcalmodulindependent_protein_kinase_type
C.mydas_CAMK2B_calciumcalmodulindependent_protein_kinase_type_II_	24.355	349	218	11	1.88e-12	73.6	C.mydas_CAMK2B_calciumcalmodulindependent_protein_kinase_type_II_
S.salar_LOC106596460_serinethreonineprotein_kinase_MAK_isoform_X4	28.125	320	150	16	1.94e-12	73.6	S.salar_LOC106596460_serinethreonineprotein_kinase_MAK_isoform_X4
F.catus_MAP3K19_mitogenactivated_protein_kinase_kinase_kinase_19_	23.026	304	191	7	1.99e-12	74.3	F.catus_MAP3K19_mitogenactivated_protein_kinase_kinase_kinase_19_
D.rerio_camk2a_calciumcalmodulindependent_protein_kinase_type_II_	24.561	285	181	8	2.00e-12	73.2	D.rerio_camk2a_calciumcalmodulindependent_protein_kinase_type_II_
D.rerio_sik2a_serinethreonineprotein_kinase_SIK2a_isoform_1	24.188	277	174	10	2.02e-12	73.9	D.rerio_sik2a_serinethreonineprotein_kinase_SIK2a_isoform_1
D.rerio_sik2a_serinethreonineprotein_kinase_SIK2a_isoform_1	24.188	277	174	10	2.02e-12	73.9	D.rerio_sik2a_serinethreonineprotein_kinase_SIK2a_isoform_1
H.sapiens_ULK2_serinethreonineprotein_kinase_ULK2_isoform_X2	23.704	270	157	9	2.02e-12	73.9	H.sapiens_ULK2_serinethreonineprotein_kinase_ULK2_isoform_X2
E.caballus_DCLK3_serinethreonineprotein_kinase_DCLK3_isoform_X1	24.828	290	185	12	2.03e-12	73.6	E.caballus_DCLK3_serinethreonineprotein_kinase_DCLK3_isoform_X1
S.salar_spegb_striated_muscle_preferentially_expressed_protein_ki	25.311	241	138	11	2.08e-12	74.3	S.salar_spegb_striated_muscle_preferentially_expressed_protein_ki
G.gallus_MYLK2_myosin_light_chain_kinase_2_skeletalcardiac_muscle	24.590	244	150	10	2.12e-12	73.9	G.gallus_MYLK2_myosin_light_chain_kinase_2_skeletalcardiac_muscle
X.laevis_LOC108702866_serinethreonineprotein_kinase_TAO2like_isof	27.341	267	151	10	2.12e-12	71.2	X.laevis_LOC108702866_serinethreonineprotein_kinase_TAO2like_isof
H.sapiens_SIK3_serinethreonineprotein_kinase_SIK3_isoform_X6	24.555	281	168	10	2.16e-12	73.9	H.sapiens_SIK3_serinethreonineprotein_kinase_SIK3_isoform_X6
S.townsendi_MAP4K2_mitogenactivated_protein_kinase_kinase_kinase_	25.649	308	169	13	2.18e-12	73.9	S.townsendi_MAP4K2_mitogenactivated_protein_kinase_kinase_kinase_
F.catus_MAP3K1_mitogenactivated_protein_kinase_kinase_kinase_1_is	23.762	303	186	8	2.18e-12	73.9	F.catus_MAP3K1_mitogenactivated_protein_kinase_kinase_kinase_1_is
E.caballus_MAP3K4_mitogenactivated_protein_kinase_kinase_kinase_4	23.411	299	171	9	2.19e-12	73.9	E.caballus_MAP3K4_mitogenactivated_protein_kinase_kinase_kinase_4
C.carcharias_map4k3a_mitogenactivated_protein_kinase_kinase_kinas	25.733	307	178	11	2.22e-12	73.9	C.carcharias_map4k3a_mitogenactivated_protein_kinase_kinase_kinas
C.mydas_SIK1_serinethreonineprotein_kinase_SIK1_isoform_X1	23.684	304	195	11	2.31e-12	73.6	C.mydas_SIK1_serinethreonineprotein_kinase_SIK1_isoform_X1
G.gallus_DAPK3_deathassociated_protein_kinase_3_isoform_X1	24.194	310	186	12	2.31e-12	73.6	G.gallus_DAPK3_deathassociated_protein_kinase_3_isoform_X1
G.gallus_MYLK_myosin_light_chain_kinase_smooth_muscle_isoform_X1	26.154	260	153	11	2.36e-12	73.9	G.gallus_MYLK_myosin_light_chain_kinase_smooth_muscle_isoform_X1
F.catus_NEK11_serinethreonineprotein_kinase_Nek11_isoform_X8	24.367	316	169	12	2.38e-12	73.6	F.catus_NEK11_serinethreonineprotein_kinase_Nek11_isoform_X8
E.caballus_ICK_serinethreonineprotein_kinase_ICK_isoform_X1	24.595	309	169	11	2.43e-12	73.2	E.caballus_ICK_serinethreonineprotein_kinase_ICK_isoform_X1
F.catus_MYLK2_myosin_light_chain_kinase_2_skeletalcardiac_muscle	23.373	338	216	12	2.44e-12	73.2	F.catus_MYLK2_myosin_light_chain_kinase_2_skeletalcardiac_muscle
C.carcharias_LOC121280870_serinethreonineprotein_kinase_Nek6like	22.826	276	167	8	2.50e-12	71.6	C.carcharias_LOC121280870_serinethreonineprotein_kinase_Nek6like
G.aculeatus_stk17b_serinethreonineprotein_kinase_17B	24.749	299	179	11	2.52e-12	72.0	G.aculeatus_stk17b_serinethreonineprotein_kinase_17B
F.catus_MYLK4_myosin_light_chain_kinase_family_member_4_isoform_X	24.579	297	179	13	2.53e-12	73.2	F.catus_MYLK4_myosin_light_chain_kinase_family_member_4_isoform_X
E.caballus_ULK3_serinethreonineprotein_kinase_ULK3_isoform_X3	24.176	273	175	10	2.55e-12	72.8	E.caballus_ULK3_serinethreonineprotein_kinase_ULK3_isoform_X3
G.aculeatus_spegb_striated_muscle_preferentially_expressed_protei	20.635	315	208	8	2.57e-12	73.9	G.aculeatus_spegb_striated_muscle_preferentially_expressed_protei
E.caballus_SIK3_serinethreonineprotein_kinase_SIK3_isoform_X2	24.731	279	170	10	2.58e-12	73.9	E.caballus_SIK3_serinethreonineprotein_kinase_SIK3_isoform_X2
E.caballus_OBSCN_obscurin_isoform_X13	27.134	328	189	16	2.64e-12	73.9	E.caballus_OBSCN_obscurin_isoform_X13
E.caballus_MARK2_serinethreonineprotein_kinase_MARK2_isoform_X1	24.542	273	175	7	2.65e-12	73.6	E.caballus_MARK2_serinethreonineprotein_kinase_MARK2_isoform_X1
S.townsendi_MAP3K1_mitogenactivated_protein_kinase_kinase_kinase_	24.092	303	185	8	2.65e-12	73.9	S.townsendi_MAP3K1_mitogenactivated_protein_kinase_kinase_kinase_
E.caballus_ULK2_serinethreonineprotein_kinase_ULK2_isoform_X1	24.111	253	156	9	2.68e-12	73.6	E.caballus_ULK2_serinethreonineprotein_kinase_ULK2_isoform_X1
F.catus_MARK2_serinethreonineprotein_kinase_MARK2_isoform_X2	24.542	273	175	7	2.75e-12	73.6	F.catus_MARK2_serinethreonineprotein_kinase_MARK2_isoform_X2
H.sapiens_MAP3K1_mitogenactivated_protein_kinase_kinase_kinase_1	23.762	303	186	8	2.75e-12	73.6	H.sapiens_MAP3K1_mitogenactivated_protein_kinase_kinase_kinase_1
F.catus_SIK3_serinethreonineprotein_kinase_SIK3_isoform_X5	24.555	281	168	10	2.75e-12	73.6	F.catus_SIK3_serinethreonineprotein_kinase_SIK3_isoform_X5
S.salar_LOC106607302_myosin_light_chain_kinase_smooth_muscle_isof	23.099	355	226	12	2.75e-12	73.6	S.salar_LOC106607302_myosin_light_chain_kinase_smooth_muscle_isof
G.aculeatus_pak2b_serinethreonineprotein_kinase_PAK_2b	22.635	296	188	9	2.75e-12	72.8	G.aculeatus_pak2b_serinethreonineprotein_kinase_PAK_2b
H.sapiens_MYLK3_myosin_light_chain_kinase_3_isoform_1	24.521	261	156	12	2.93e-12	73.2	H.sapiens_MYLK3_myosin_light_chain_kinase_3_isoform_1
F.catus_STK10_serinethreonineprotein_kinase_10_isoform_X1	25.658	304	173	13	3.02e-12	73.6	F.catus_STK10_serinethreonineprotein_kinase_10_isoform_X1
X.laevis_nuak1.L_NUAK_family_SNF1like_kinase_1	25.939	293	162	12	3.11e-12	73.2	X.laevis_nuak1.L_NUAK_family_SNF1like_kinase_1
D.rerio_spegb_striated_muscle_preferentially_expressed_protein_ki	25.311	241	138	12	3.13e-12	73.6	D.rerio_spegb_striated_muscle_preferentially_expressed_protein_ki
S.salar_mylk2_myosin_light_chain_kinase_2_skeletalcardiac_muscle	27.354	223	132	9	3.18e-12	73.2	S.salar_mylk2_myosin_light_chain_kinase_2_skeletalcardiac_muscle
G.aculeatus_LOC120824854_dual_specificity_testisspecific_protein_	27.046	281	152	12	3.21e-12	73.2	G.aculeatus_LOC120824854_dual_specificity_testisspecific_protein_
H.sapiens_MARK2_serinethreonineprotein_kinase_MARK2_isoform_d	24.542	273	175	7	3.24e-12	73.2	H.sapiens_MARK2_serinethreonineprotein_kinase_MARK2_isoform_d
C.mydas_MARK2_serinethreonineprotein_kinase_MARK2_isoform_X17	24.542	273	175	7	3.33e-12	73.2	C.mydas_MARK2_serinethreonineprotein_kinase_MARK2_isoform_X17
X.laevis_LOC108714133_myosin_light_chain_kinase_3_isoform_X3	25.911	247	144	12	3.35e-12	73.2	X.laevis_LOC108714133_myosin_light_chain_kinase_3_isoform_X3
H.sapiens_MYLK2_myosin_light_chain_kinase_2_skeletalcardiac_muscl	22.781	338	222	12	3.38e-12	72.8	H.sapiens_MYLK2_myosin_light_chain_kinase_2_skeletalcardiac_muscl
S.salar_LOC106585026_serinethreonineprotein_kinase_PLK2	23.827	277	169	9	3.40e-12	72.8	S.salar_LOC106585026_serinethreonineprotein_kinase_PLK2
C.mydas_SIK3_serinethreonineprotein_kinase_SIK3_isoform_X11	23.546	361	231	13	3.44e-12	73.6	C.mydas_SIK3_serinethreonineprotein_kinase_SIK3_isoform_X11
S.salar_LOC106595470_serinethreonineprotein_kinase_PAK_2like	23.026	304	193	10	3.56e-12	72.4	S.salar_LOC106595470_serinethreonineprotein_kinase_PAK_2like
H.sapiens_NEK8_serinethreonineprotein_kinase_Nek8	24.354	271	169	8	3.57e-12	72.8	H.sapiens_NEK8_serinethreonineprotein_kinase_Nek8
S.townsendi_DAPK1_deathassociated_protein_kinase_1	25.378	331	187	15	3.62e-12	73.2	S.townsendi_DAPK1_deathassociated_protein_kinase_1
