H.sapiens_WEE1_wee1like_protein_kinase_isoform_1
F.catus_WEE1_wee1like_protein_kinase_isoform_X1
E.caballus_WEE1_wee1like_protein_kinase
S.townsendi_WEE1_wee1like_protein_kinase
C.mydas_WEE1_wee1like_protein_kinase_isoform_X1
G.gallus_WEE1_wee1like_protein_kinase_isoform_X1
X.laevis_wee1.S_wee1like_protein_kinase_1B_isoform_X1
S.salar_LOC106584610_wee1like_protein_kinase_1A
G.aculeatus_wee1_wee1like_protein_kinase
G.aculeatus_LOC120812640_wee1like_protein_kinase
C.carcharias_wee1_wee1like_protein_kinase_isoform_X1
D.rerio_wee1_wee1like_protein_kinase
D.rerio_wee1_wee1like_protein_kinase
D.rerio_wee1_wee1like_protein_kinase
S.salar_LOC100380819_wee1like_protein_kinase_isoform_X1
S.salar_LOC106587548_wee1like_protein_kinase_1A_isoform_X1
S.salar_LOC106561062_wee1like_protein_kinase_1A
C.carcharias_LOC121293265_wee1like_protein_kinase_2A
C.mydas_WEE2_wee1like_protein_kinase_2_isoform_X3
X.laevis_wee2.L_wee1like_protein_kinase_2A
X.laevis_wee2.S_wee1like_protein_kinase_2B
G.gallus_WEE2_wee1like_protein_kinase_2
S.townsendi_WEE2_wee1like_protein_kinase_2
D.rerio_wee2_wee1like_protein_kinase_2_isoform_2
D.rerio_wee2_wee1like_protein_kinase_2_isoform_2
E.caballus_WEE2_wee1like_protein_kinase_2
F.catus_WEE2_wee1like_protein_kinase_2_isoform_X1
H.sapiens_WEE2_wee1like_protein_kinase_2
H.sapiens_WEE2_wee1like_protein_kinase_2
S.salar_wee2_wee1like_protein_kinase_2
G.aculeatus_wee2_wee1like_protein_kinase_2_isoform_X2
C.mydas_PKMYT1_membraneassociated_tyrosine_and_threoninespecific_
H.sapiens_PKMYT1_membraneassociated_tyrosine_and_threoninespecifi
E.caballus_PKMYT1_membraneassociated_tyrosine_and_threoninespecif
F.catus_PKMYT1_membraneassociated_tyrosine_and_threoninespecific_
X.laevis_pkmyt1.S_membraneassociated_tyrosine_and_threoninespecif
S.townsendi_PKMYT1_membraneassociated_tyrosine_and_threoninespeci
X.laevis_pkmyt1.L_membraneassociated_tyrosine_and_threoninespecif
G.aculeatus_pkmyt1_membraneassociated_tyrosine_and_threoninespeci
D.rerio_pkmyt1_membraneassociated_tyrosine_and_threoninespecific_
C.carcharias_pkmyt1_membraneassociated_tyrosine_and_threoninespec
S.salar_pkmyt1_membraneassociated_tyrosine_and_threoninespecific_
