C.carcharias_pkmyt1_membraneassociated_tyrosine_and_threoninespec	550	96	342	9.25e-28	pfam00069, Pkinase, Protein kinase domain.  
C.carcharias_pkmyt1_membraneassociated_tyrosine_and_threoninespec	550	96	280	1.75e-16	pfam07714, Pkinase_Tyr, Protein tyrosine kinase.  
C.carcharias_LOC121293265_wee1like_protein_kinase_2A	578	225	498	2.52e-40	pfam00069, Pkinase, Protein kinase domain.  
C.carcharias_LOC121293265_wee1like_protein_kinase_2A	578	228	490	1.25e-19	pfam07714, Pkinase_Tyr, Protein tyrosine kinase.  
C.carcharias_wee1_wee1like_protein_kinase_isoform_X1	619	271	542	1.61e-47	pfam00069, Pkinase, Protein kinase domain.  
C.carcharias_wee1_wee1like_protein_kinase_isoform_X1	619	271	539	2.57e-24	pfam07714, Pkinase_Tyr, Protein tyrosine kinase.  
C.mydas_WEE2_wee1like_protein_kinase_2_isoform_X3	585	234	505	1.13e-34	pfam00069, Pkinase, Protein kinase domain.  
C.mydas_WEE2_wee1like_protein_kinase_2_isoform_X3	585	237	373	2.85e-14	pfam07714, Pkinase_Tyr, Protein tyrosine kinase.  
C.mydas_PKMYT1_membraneassociated_tyrosine_and_threoninespecific_	578	109	354	2.77e-38	pfam00069, Pkinase, Protein kinase domain.  
C.mydas_PKMYT1_membraneassociated_tyrosine_and_threoninespecific_	578	109	353	7.85e-29	pfam07714, Pkinase_Tyr, Protein tyrosine kinase.  
C.mydas_WEE1_wee1like_protein_kinase_isoform_X1	634	288	558	2.81e-54	pfam00069, Pkinase, Protein kinase domain.  
C.mydas_WEE1_wee1like_protein_kinase_isoform_X1	634	288	552	6.51e-24	pfam07714, Pkinase_Tyr, Protein tyrosine kinase.  
D.rerio_wee2_wee1like_protein_kinase_2_isoform_2	532	194	460	3.38e-43	pfam00069, Pkinase, Protein kinase domain.  
D.rerio_wee2_wee1like_protein_kinase_2_isoform_2	532	194	457	1.82e-21	pfam07714, Pkinase_Tyr, Protein tyrosine kinase.  
D.rerio_wee1_wee1like_protein_kinase	612	265	534	9.14e-52	pfam00069, Pkinase, Protein kinase domain.  
D.rerio_wee1_wee1like_protein_kinase	612	265	531	2.21e-21	pfam07714, Pkinase_Tyr, Protein tyrosine kinase.  
D.rerio_wee1_wee1like_protein_kinase	612	265	534	9.14e-52	pfam00069, Pkinase, Protein kinase domain.  
D.rerio_wee1_wee1like_protein_kinase	612	265	531	2.21e-21	pfam07714, Pkinase_Tyr, Protein tyrosine kinase.  
D.rerio_pkmyt1_membraneassociated_tyrosine_and_threoninespecific_	554	108	371	2.66e-29	pfam00069, Pkinase, Protein kinase domain.  
D.rerio_pkmyt1_membraneassociated_tyrosine_and_threoninespecific_	554	114	321	4.37e-16	pfam07714, Pkinase_Tyr, Protein tyrosine kinase.  
D.rerio_wee1_wee1like_protein_kinase	612	265	534	9.14e-52	pfam00069, Pkinase, Protein kinase domain.  
D.rerio_wee1_wee1like_protein_kinase	612	265	531	2.21e-21	pfam07714, Pkinase_Tyr, Protein tyrosine kinase.  
D.rerio_wee2_wee1like_protein_kinase_2_isoform_2	532	194	460	4.24e-43	pfam00069, Pkinase, Protein kinase domain.  
D.rerio_wee2_wee1like_protein_kinase_2_isoform_2	532	194	457	3.05e-21	pfam07714, Pkinase_Tyr, Protein tyrosine kinase.  
E.caballus_WEE2_wee1like_protein_kinase_2	564	213	481	3.06e-42	pfam00069, Pkinase, Protein kinase domain.  
E.caballus_WEE2_wee1like_protein_kinase_2	564	217	483	3.99e-17	pfam07714, Pkinase_Tyr, Protein tyrosine kinase.  
E.caballus_PKMYT1_membraneassociated_tyrosine_and_threoninespecif	497	101	348	1.28e-34	pfam00069, Pkinase, Protein kinase domain.  
E.caballus_PKMYT1_membraneassociated_tyrosine_and_threoninespecif	497	103	345	6.57e-21	pfam07714, Pkinase_Tyr, Protein tyrosine kinase.  
E.caballus_WEE1_wee1like_protein_kinase	646	299	569	2.59e-54	pfam00069, Pkinase, Protein kinase domain.  
E.caballus_WEE1_wee1like_protein_kinase	646	299	566	9.56e-21	pfam07714, Pkinase_Tyr, Protein tyrosine kinase.  
F.catus_PKMYT1_membraneassociated_tyrosine_and_threoninespecific_	507	101	350	3.82e-34	pfam00069, Pkinase, Protein kinase domain.  
F.catus_PKMYT1_membraneassociated_tyrosine_and_threoninespecific_	507	103	345	6.56e-21	pfam07714, Pkinase_Tyr, Protein tyrosine kinase.  
F.catus_WEE1_wee1like_protein_kinase_isoform_X1	664	299	569	2.08e-55	pfam00069, Pkinase, Protein kinase domain.  
F.catus_WEE1_wee1like_protein_kinase_isoform_X1	664	299	566	1.25e-20	pfam07714, Pkinase_Tyr, Protein tyrosine kinase.  
F.catus_WEE2_wee1like_protein_kinase_2_isoform_X1	566	215	483	9.67e-42	pfam00069, Pkinase, Protein kinase domain.  
F.catus_WEE2_wee1like_protein_kinase_2_isoform_X1	566	219	485	6.20e-18	pfam07714, Pkinase_Tyr, Protein tyrosine kinase.  
G.aculeatus_LOC120812640_wee1like_protein_kinase	619	273	541	6.35e-49	pfam00069, Pkinase, Protein kinase domain.  
G.aculeatus_LOC120812640_wee1like_protein_kinase	619	276	538	6.70e-20	pfam07714, Pkinase_Tyr, Protein tyrosine kinase.  
G.aculeatus_pkmyt1_membraneassociated_tyrosine_and_threoninespeci	591	109	370	2.77e-31	pfam00069, Pkinase, Protein kinase domain.  
G.aculeatus_pkmyt1_membraneassociated_tyrosine_and_threoninespeci	591	115	361	3.54e-30	pfam07714, Pkinase_Tyr, Protein tyrosine kinase.  
G.aculeatus_wee2_wee1like_protein_kinase_2_isoform_X2	574	220	490	2.33e-38	pfam00069, Pkinase, Protein kinase domain.  
G.aculeatus_wee2_wee1like_protein_kinase_2_isoform_X2	574	223	430	3.81e-14	pfam07714, Pkinase_Tyr, Protein tyrosine kinase.  
G.aculeatus_wee1_wee1like_protein_kinase	619	273	541	7.47e-50	pfam00069, Pkinase, Protein kinase domain.  
G.aculeatus_wee1_wee1like_protein_kinase	619	276	538	8.09e-21	pfam07714, Pkinase_Tyr, Protein tyrosine kinase.  
G.gallus_WEE2_wee1like_protein_kinase_2	556	207	477	3.49e-38	pfam00069, Pkinase, Protein kinase domain.  
G.gallus_WEE2_wee1like_protein_kinase_2	556	210	473	7.48e-17	pfam07714, Pkinase_Tyr, Protein tyrosine kinase.  
G.gallus_WEE1_wee1like_protein_kinase_isoform_X1	653	295	565	1.35e-54	pfam00069, Pkinase, Protein kinase domain.  
G.gallus_WEE1_wee1like_protein_kinase_isoform_X1	653	295	562	2.90e-23	pfam07714, Pkinase_Tyr, Protein tyrosine kinase.  
H.sapiens_WEE2_wee1like_protein_kinase_2	567	212	480	4.59e-39	pfam00069, Pkinase, Protein kinase domain.  
H.sapiens_WEE2_wee1like_protein_kinase_2	567	216	482	3.84e-15	pfam07714, Pkinase_Tyr, Protein tyrosine kinase.  
H.sapiens_WEE1_wee1like_protein_kinase_isoform_1	646	299	569	6.48e-55	pfam00069, Pkinase, Protein kinase domain.  
H.sapiens_WEE1_wee1like_protein_kinase_isoform_1	646	299	566	4.31e-20	pfam07714, Pkinase_Tyr, Protein tyrosine kinase.  
H.sapiens_PKMYT1_membraneassociated_tyrosine_and_threoninespecifi	508	119	368	6.44e-33	pfam00069, Pkinase, Protein kinase domain.  
H.sapiens_PKMYT1_membraneassociated_tyrosine_and_threoninespecifi	508	119	363	6.39e-22	pfam07714, Pkinase_Tyr, Protein tyrosine kinase.  
H.sapiens_PKMYT1_membraneassociated_tyrosine_and_threoninespecifi	508	231	318	3.49e-11	pfam14531, Kinase-like, Kinase-like.  This family includes the pseudokinases ROP2 and ROP8 from Toxoplasma gondii. These proteins have a typical bilobed protein kinase fold, but lack catalytic actvity.
H.sapiens_WEE2_wee1like_protein_kinase_2	567	212	480	4.59e-39	pfam00069, Pkinase, Protein kinase domain.  
H.sapiens_WEE2_wee1like_protein_kinase_2	567	216	482	3.84e-15	pfam07714, Pkinase_Tyr, Protein tyrosine kinase.  
S.salar_pkmyt1_membraneassociated_tyrosine_and_threoninespecific_	593	107	365	6.28e-27	pfam00069, Pkinase, Protein kinase domain.  
S.salar_pkmyt1_membraneassociated_tyrosine_and_threoninespecific_	593	113	323	5.16e-23	pfam07714, Pkinase_Tyr, Protein tyrosine kinase.  
S.salar_LOC106584610_wee1like_protein_kinase_1A	624	274	546	4.89e-49	pfam00069, Pkinase, Protein kinase domain.  
S.salar_LOC106584610_wee1like_protein_kinase_1A	624	274	543	1.35e-21	pfam07714, Pkinase_Tyr, Protein tyrosine kinase.  
S.salar_LOC106561062_wee1like_protein_kinase_1A	607	263	535	1.16e-44	pfam00069, Pkinase, Protein kinase domain.  
S.salar_LOC106561062_wee1like_protein_kinase_1A	607	263	525	4.58e-20	pfam07714, Pkinase_Tyr, Protein tyrosine kinase.  
S.salar_wee2_wee1like_protein_kinase_2	549	196	467	5.41e-42	pfam00069, Pkinase, Protein kinase domain.  
S.salar_wee2_wee1like_protein_kinase_2	549	197	464	4.09e-17	pfam07714, Pkinase_Tyr, Protein tyrosine kinase.  
S.salar_LOC100380819_wee1like_protein_kinase_isoform_X1	613	268	536	1.62e-50	pfam00069, Pkinase, Protein kinase domain.  
S.salar_LOC100380819_wee1like_protein_kinase_isoform_X1	613	268	530	6.70e-24	pfam07714, Pkinase_Tyr, Protein tyrosine kinase.  
S.salar_LOC106587548_wee1like_protein_kinase_1A_isoform_X1	612	267	535	4.70e-48	pfam00069, Pkinase, Protein kinase domain.  
S.salar_LOC106587548_wee1like_protein_kinase_1A_isoform_X1	612	267	529	2.99e-23	pfam07714, Pkinase_Tyr, Protein tyrosine kinase.  
S.townsendi_WEE2_wee1like_protein_kinase_2	572	220	492	2.97e-37	pfam00069, Pkinase, Protein kinase domain.  
S.townsendi_WEE2_wee1like_protein_kinase_2	572	223	360	1.67e-15	pfam07714, Pkinase_Tyr, Protein tyrosine kinase.  
S.townsendi_PKMYT1_membraneassociated_tyrosine_and_threoninespeci	580	107	346	1.43e-34	pfam07714, Pkinase_Tyr, Protein tyrosine kinase.  
S.townsendi_PKMYT1_membraneassociated_tyrosine_and_threoninespeci	580	107	347	4.44e-34	pfam00069, Pkinase, Protein kinase domain.  
S.townsendi_WEE1_wee1like_protein_kinase	634	289	556	4.87e-55	pfam00069, Pkinase, Protein kinase domain.  
S.townsendi_WEE1_wee1like_protein_kinase	634	289	556	7.67e-22	pfam07714, Pkinase_Tyr, Protein tyrosine kinase.  
X.laevis_wee2.S_wee1like_protein_kinase_2B	554	213	477	2.29e-35	pfam00069, Pkinase, Protein kinase domain.  
X.laevis_wee2.S_wee1like_protein_kinase_2B	554	216	351	1.23e-15	pfam07714, Pkinase_Tyr, Protein tyrosine kinase.  
X.laevis_wee1.S_wee1like_protein_kinase_1B_isoform_X1	595	248	518	2.70e-55	pfam00069, Pkinase, Protein kinase domain.  
X.laevis_wee1.S_wee1like_protein_kinase_1B_isoform_X1	595	248	515	3.23e-26	pfam07714, Pkinase_Tyr, Protein tyrosine kinase.  
X.laevis_pkmyt1.S_membraneassociated_tyrosine_and_threoninespecif	548	108	351	1.17e-25	pfam00069, Pkinase, Protein kinase domain.  
X.laevis_pkmyt1.S_membraneassociated_tyrosine_and_threoninespecif	548	106	300	1.80e-23	pfam07714, Pkinase_Tyr, Protein tyrosine kinase.  
X.laevis_wee2.L_wee1like_protein_kinase_2A	555	210	474	2.09e-34	pfam00069, Pkinase, Protein kinase domain.  
X.laevis_wee2.L_wee1like_protein_kinase_2A	555	213	348	1.95e-16	pfam07714, Pkinase_Tyr, Protein tyrosine kinase.  
X.laevis_pkmyt1.L_membraneassociated_tyrosine_and_threoninespecif	636	194	404	7.05e-26	pfam07714, Pkinase_Tyr, Protein tyrosine kinase.  
X.laevis_pkmyt1.L_membraneassociated_tyrosine_and_threoninespecif	636	196	439	3.34e-25	pfam00069, Pkinase, Protein kinase domain.  
